0 0.39
100 0.39
200 0.43
300 0.52
400 0.43
500 0.45
600 0.49
700 0.49
800 0.51
900 0.51
1000 0.42
1100 0.45
1200 0.45
1300 0.44
1400 0.4
1500 0.48
1600 0.39
1700 0.43
1800 0.48
1900 0.44
2000 0.41
2100 0.39
2200 0.33
2300 0.43
2400 0.33
2500 0.44
2600 0.47
2700 0.41
2800 0.52
2900 0.56
3000 0.56
3100 0.42
3200 0.48
3300 0.37
3400 0.45
3500 0.44
3600 0.4
3700 0.38
3800 0.42
3900 0.42
4000 0.48
4100 0.43
4200 0.45
4300 0.54
4400 0.5
4500 0.47
4600 0.35
4700 0.45
4800 0.49
4900 0.44
5000 0.45
5100 0.42
5200 0.42
5300 0.43
5400 0.49
5500 0.43
5600 0.41
5700 0.39
5800 0.39
5900 0.41
6000 0.42
6100 0.41
6200 0.42
6300 0.49
6400 0.49
6500 0.48
6600 0.48
6700 0.44
6800 0.51
6900 0.38
7000 0.45
7100 0.38
7200 0.45
7300 0.38
7400 0.39
7500 0.38
7600 0.51
7700 0.49
7800 0.47
7900 0.39
8000 0.41
8100 0.42
8200 0.44
8300 0.35
8400 0.36
8500 0.4
8600 0.5
8700 0.43
8800 0.44
8900 0.39
9000 0.39
9100 0.45
9200 0.46
9300 0.44
9400 0.43
9500 0.43
9600 0.42
9700 0.38
9800 0.54
9900 0.38
10000 0.39
10100 0.46
10200 0.47
10300 0.48
10400 0.39
10500 0.36
10600 0.39
10700 0.48
10800 0.51
10900 0.44
11000 0.39
11100 0.48
11200 0.52
11300 0.35
11400 0.47
11500 0.42
11600 0.47
11700 0.47
11800 0.48
11900 0.5
12000 0.47
12100 0.47
12200 0.37
12300 0.44
12400 0.41
12500 0.43
12600 0.43
12700 0.45
12800 0.48
12900 0.47
13000 0.46
13100 0.48
13200 0.51
13300 0.38
13400 0.46
13500 0.48
13600 0.41
13700 0.46
13800 0.41
13900 0.34
14000 0.5
14100 0.45
14200 0.53
14300 0.43
14400 0.39
14500 0.36
14600 0.39
14700 0.47
14800 0.42
14900 0.4
15000 0.39
15100 0.46
15200 0.47
15300 0.5
15400 0.48
15500 0.43
15600 0.43
15700 0.45
15800 0.6
15900 0.43
16000 0.47
16100 0.43
16200 0.48
16300 0.42
16400 0.46
16500 0.4
16600 0.47
16700 0.36
16800 0.52
16900 0.4
17000 0.36
17100 0.52
17200 0.46
17300 0.41
17400 0.41
17500 0.41
17600 0.42
17700 0.46
17800 0.45
17900 0.42
18000 0.34
18100 0.39
18200 0.47
18300 0.49
18400 0.56
18500 0.45
18600 0.43
18700 0.42
18800 0.38
18900 0.55
19000 0.48
19100 0.45
19200 0.49
19300 0.47
19400 0.51
19500 0.46
19600 0.46
19700 0.39
19800 0.49
19900 0.5
20000 0.4
20100 0.49
20200 0.47
20300 0.5
20400 0.43
20500 0.53
20600 0.44
20700 0.47
20800 0.51
20900 0.5
21000 0.4
21100 0.37
21200 0.53
21300 0.45
21400 0.46
21500 0.5
21600 0.43
21700 0.44
21800 0.36
21900 0.42
22000 0.42
22100 0.44
22200 0.44
22300 0.39
22400 0.41
22500 0.39
22600 0.46
22700 0.43
22800 0.41
22900 0.45
23000 0.41
23100 0.4
23200 0.45
23300 0.46
23400 0.42
23500 0.46
23600 0.47
23700 0.38
23800 0.46
23900 0.42
24000 0.48
24100 0.43
24200 0.38
24300 0.45
24400 0.44
24500 0.53
24600 0.39
24700 0.44
24800 0.53
24900 0.41
25000 0.45
25100 0.39
25200 0.39
25300 0.51
25400 0.46
25500 0.44
25600 0.53
25700 0.4
25800 0.31
25900 0.48
26000 0.39
26100 0.46
26200 0.37
26300 0.41
26400 0.49
26500 0.45
26600 0.51
26700 0.49
26800 0.46
26900 0.48
27000 0.41
27100 0.58
27200 0.42
27300 0.53
27400 0.53
27500 0.41
27600 0.47
27700 0.43
27800 0.42
27900 0.49
28000 0.5
28100 0.36
28200 0.52
28300 0.44
28400 0.54
28500 0.37
28600 0.45
28700 0.48
28800 0.38
28900 0.43
29000 0.43
29100 0.48
29200 0.46
29300 0.44
29400 0.42
29500 0.47
29600 0.43
29700 0.44
29800 0.44
29900 0.48
30000 0.48
30100 0.52
30200 0.47
30300 0.36
30400 0.54
30500 0.43
30600 0.45
30700 0.47
30800 0.47
30900 0.51
31000 0.52
31100 0.45
31200 0.42
31300 0.41
31400 0.42
31500 0.42
31600 0.45
31700 0.44
31800 0.59
31900 0.46
32000 0.51
32100 0.47
32200 0.46
32300 0.53
32400 0.4
32500 0.46
32600 0.52
32700 0.38
32800 0.42
32900 0.5
33000 0.48
33100 0.42
33200 0.45
33300 0.5
33400 0.5
33500 0.4
33600 0.44
33700 0.47
33800 0.44
33900 0.39
34000 0.47
34100 0.46
34200 0.43
34300 0.4
34400 0.46
34500 0.5
34600 0.54
34700 0.4
34800 0.4
34900 0.46
35000 0.45
35100 0.57
35200 0.51
35300 0.41
35400 0.51
35500 0.49
35600 0.44
35700 0.39
35800 0.57
35900 0.48
36000 0.54
36100 0.37
36200 0.45
36300 0.43
36400 0.42
36500 0.42
36600 0.45
36700 0.44
36800 0.41
36900 0.51
37000 0.46
37100 0.46
37200 0.41
37300 0.51
37400 0.37
37500 0.5
37600 0.4
37700 0.5
37800 0.43
37900 0.4
38000 0.47
38100 0.42
38200 0.42
38300 0.52
38400 0.51
38500 0.41
38600 0.5
38700 0.41
38800 0.46
38900 0.43
39000 0.4
39100 0.4
39200 0.42
39300 0.52
39400 0.45
39500 0.44
39600 0.41
39700 0.39
39800 0.49
39900 0.4
40000 0.42
40100 0.49
40200 0.41
40300 0.53
40400 0.48
40500 0.48
40600 0.51
40700 0.45
40800 0.45
