Whiteの勝利数: 45
Blackの勝利数: 51
Whiteの勝利数: 86
Blackの勝利数: 103
Whiteの勝利数: 129
Blackの勝利数: 158
Whiteの勝利数: 169
Blackの勝利数: 213
Whiteの勝利数: 224
Blackの勝利数: 253
Whiteの勝利数: 274
Blackの勝利数: 297
Whiteの勝利数: 325
Blackの勝利数: 342
Whiteの勝利数: 381
Blackの勝利数: 380
Whiteの勝利数: 439
Blackの勝利数: 414
Whiteの勝利数: 491
Blackの勝利数: 456
Whiteの勝利数: 550
Blackの勝利数: 490
Whiteの勝利数: 599
Blackの勝利数: 532
Whiteの勝利数: 655
Blackの勝利数: 572
Whiteの勝利数: 710
Blackの勝利数: 608
Whiteの勝利数: 760
Blackの勝利数: 653
Whiteの勝利数: 811
Blackの勝利数: 695
Whiteの勝利数: 860
Blackの勝利数: 741
Whiteの勝利数: 913
Blackの勝利数: 783
Whiteの勝利数: 971
Blackの勝利数: 822
Whiteの勝利数: 1031
Blackの勝利数: 856
Whiteの勝利数: 1083
Blackの勝利数: 900
Whiteの勝利数: 1125
Blackの勝利数: 955
Whiteの勝利数: 1171
Blackの勝利数: 1005
Whiteの勝利数: 1212
Blackの勝利数: 1060
Whiteの勝利数: 1259
Blackの勝利数: 1112
Whiteの勝利数: 1308
Blackの勝利数: 1162
Whiteの勝利数: 1348
Blackの勝利数: 1213
Whiteの勝利数: 1392
Blackの勝利数: 1265
Whiteの勝利数: 1437
Blackの勝利数: 1314
Whiteの勝利数: 1484
Blackの勝利数: 1360
Whiteの勝利数: 1523
Blackの勝利数: 1417
Whiteの勝利数: 1564
Blackの勝利数: 1471
Whiteの勝利数: 1610
Blackの勝利数: 1520
Whiteの勝利数: 1660
Blackの勝利数: 1564
Whiteの勝利数: 1700
Blackの勝利数: 1619
Whiteの勝利数: 1747
Blackの勝利数: 1670
Whiteの勝利数: 1794
Blackの勝利数: 1717
Whiteの勝利数: 1837
Blackの勝利数: 1770
Whiteの勝利数: 1884
Blackの勝利数: 1817
Whiteの勝利数: 1935
Blackの勝利数: 1865
Whiteの勝利数: 1983
Blackの勝利数: 1909
Whiteの勝利数: 2027
Blackの勝利数: 1959
Whiteの勝利数: 2072
Blackの勝利数: 2012
Whiteの勝利数: 2120
Blackの勝利数: 2060
Whiteの勝利数: 2172
Blackの勝利数: 2105
Whiteの勝利数: 2214
Blackの勝利数: 2154
Whiteの勝利数: 2264
Blackの勝利数: 2200
Whiteの勝利数: 2304
Blackの勝利数: 2255
Whiteの勝利数: 2344
Blackの勝利数: 2310
Whiteの勝利数: 2385
Blackの勝利数: 2363
Whiteの勝利数: 2429
Blackの勝利数: 2412
Whiteの勝利数: 2468
Blackの勝利数: 2467
Whiteの勝利数: 2509
Blackの勝利数: 2522
Whiteの勝利数: 2550
Blackの勝利数: 2578
Whiteの勝利数: 2597
Blackの勝利数: 2626
Whiteの勝利数: 2638
Blackの勝利数: 2683
Whiteの勝利数: 2680
Blackの勝利数: 2736
Whiteの勝利数: 2722
Blackの勝利数: 2792
Whiteの勝利数: 2753
Blackの勝利数: 2855
Whiteの勝利数: 2806
Blackの勝利数: 2900
Whiteの勝利数: 2851
Blackの勝利数: 2952
Whiteの勝利数: 2894
Blackの勝利数: 3005
Whiteの勝利数: 2948
Blackの勝利数: 3048
Whiteの勝利数: 2994
Blackの勝利数: 3100
Whiteの勝利数: 3054
Blackの勝利数: 3137
Whiteの勝利数: 3097
Blackの勝利数: 3187
Whiteの勝利数: 3142
Blackの勝利数: 3235
Whiteの勝利数: 3181
Blackの勝利数: 3291
Whiteの勝利数: 3230
Blackの勝利数: 3338
Whiteの勝利数: 3272
Blackの勝利数: 3391
Whiteの勝利数: 3318
Blackの勝利数: 3443
Whiteの勝利数: 3358
Blackの勝利数: 3500
Whiteの勝利数: 3401
Blackの勝利数: 3554
Whiteの勝利数: 3451
Blackの勝利数: 3602
Whiteの勝利数: 3502
Blackの勝利数: 3645
Whiteの勝利数: 3548
Blackの勝利数: 3694
Whiteの勝利数: 3587
Blackの勝利数: 3753
Whiteの勝利数: 3634
Blackの勝利数: 3805
Whiteの勝利数: 3678
Blackの勝利数: 3856
Whiteの勝利数: 3718
Blackの勝利数: 3912
Whiteの勝利数: 3759
Blackの勝利数: 3965
Whiteの勝利数: 3807
Blackの勝利数: 4014
Whiteの勝利数: 3855
Blackの勝利数: 4063
Whiteの勝利数: 3901
Blackの勝利数: 4111
Whiteの勝利数: 3949
Blackの勝利数: 4162
Whiteの勝利数: 3993
Blackの勝利数: 4212
Whiteの勝利数: 4028
Blackの勝利数: 4271
Whiteの勝利数: 4063
Blackの勝利数: 4329
Whiteの勝利数: 4100
Blackの勝利数: 4380
Whiteの勝利数: 4143
Blackの勝利数: 4434
Whiteの勝利数: 4185
Blackの勝利数: 4489
Whiteの勝利数: 4232
Blackの勝利数: 4538
Whiteの勝利数: 4274
Blackの勝利数: 4591
Whiteの勝利数: 4318
Blackの勝利数: 4643
Whiteの勝利数: 4370
Blackの勝利数: 4687
Whiteの勝利数: 4404
Blackの勝利数: 4745
Whiteの勝利数: 4440
Blackの勝利数: 4803
Whiteの勝利数: 4489
Blackの勝利数: 4849
Whiteの勝利数: 4531
Blackの勝利数: 4904
Whiteの勝利数: 4572
Blackの勝利数: 4959
Whiteの勝利数: 4615
Blackの勝利数: 5014
Whiteの勝利数: 4660
Blackの勝利数: 5063
Whiteの勝利数: 4707
Blackの勝利数: 5109
Whiteの勝利数: 4749
Blackの勝利数: 5162
Whiteの勝利数: 4791
Blackの勝利数: 5214
Whiteの勝利数: 4836
Blackの勝利数: 5261
Whiteの勝利数: 4878
Blackの勝利数: 5315
Whiteの勝利数: 4924
Blackの勝利数: 5362
Whiteの勝利数: 4963
Blackの勝利数: 5418
Whiteの勝利数: 5010
Blackの勝利数: 5469
Whiteの勝利数: 5055
Blackの勝利数: 5517
Whiteの勝利数: 5094
Blackの勝利数: 5573
Whiteの勝利数: 5138
Blackの勝利数: 5623
Whiteの勝利数: 5187
Blackの勝利数: 5673
Whiteの勝利数: 5233
Blackの勝利数: 5724
Whiteの勝利数: 5271
Blackの勝利数: 5781
Whiteの勝利数: 5315
Blackの勝利数: 5834
Whiteの勝利数: 5359
Blackの勝利数: 5886
Whiteの勝利数: 5399
Blackの勝利数: 5940
Whiteの勝利数: 5441
Blackの勝利数: 5995
Whiteの勝利数: 5493
Blackの勝利数: 6039
Whiteの勝利数: 5532
Blackの勝利数: 6097
Whiteの勝利数: 5577
Blackの勝利数: 6147
Whiteの勝利数: 5624
Blackの勝利数: 6196
Whiteの勝利数: 5674
Blackの勝利数: 6242
Whiteの勝利数: 5719
Blackの勝利数: 6292
Whiteの勝利数: 5758
Blackの勝利数: 6348
Whiteの勝利数: 5808
Blackの勝利数: 6395
Whiteの勝利数: 5851
Blackの勝利数: 6449
Whiteの勝利数: 5892
Blackの勝利数: 6501
Whiteの勝利数: 5934
Blackの勝利数: 6556
Whiteの勝利数: 5979
Blackの勝利数: 6607
Whiteの勝利数: 6016
Blackの勝利数: 6664
Whiteの勝利数: 6058
Blackの勝利数: 6718
Whiteの勝利数: 6099
Blackの勝利数: 6767
Whiteの勝利数: 6143
Blackの勝利数: 6817
Whiteの勝利数: 6181
Blackの勝利数: 6876
Whiteの勝利数: 6229
Blackの勝利数: 6920
Whiteの勝利数: 6275
Blackの勝利数: 6970
Whiteの勝利数: 6328
Blackの勝利数: 7015
Whiteの勝利数: 6374
Blackの勝利数: 7065
Whiteの勝利数: 6418
Blackの勝利数: 7117
Whiteの勝利数: 6460
Blackの勝利数: 7171
Whiteの勝利数: 6499
Blackの勝利数: 7226
Whiteの勝利数: 6542
Blackの勝利数: 7281
Whiteの勝利数: 6585
Blackの勝利数: 7335
Whiteの勝利数: 6630
Blackの勝利数: 7386
Whiteの勝利数: 6678
Blackの勝利数: 7435
Whiteの勝利数: 6718
Blackの勝利数: 7490
Whiteの勝利数: 6761
Blackの勝利数: 7543
Whiteの勝利数: 6805
Blackの勝利数: 7593
Whiteの勝利数: 6852
Blackの勝利数: 7636
Whiteの勝利数: 6890
Blackの勝利数: 7697
Whiteの勝利数: 6936
Blackの勝利数: 7747
Whiteの勝利数: 6979
Blackの勝利数: 7798
Whiteの勝利数: 7018
Blackの勝利数: 7853
Whiteの勝利数: 7057
Blackの勝利数: 7905
Whiteの勝利数: 7098
Blackの勝利数: 7957
Whiteの勝利数: 7132
Blackの勝利数: 8018
Whiteの勝利数: 7171
Blackの勝利数: 8073
Whiteの勝利数: 7207
Blackの勝利数: 8130
Whiteの勝利数: 7253
Blackの勝利数: 8182
Whiteの勝利数: 7302
Blackの勝利数: 8228
Whiteの勝利数: 7343
Blackの勝利数: 8282
Whiteの勝利数: 7383
Blackの勝利数: 8340
Whiteの勝利数: 7432
Blackの勝利数: 8385
Whiteの勝利数: 7469
Blackの勝利数: 8443
Whiteの勝利数: 7519
Blackの勝利数: 8490
Whiteの勝利数: 7566
Blackの勝利数: 8541
Whiteの勝利数: 7603
Blackの勝利数: 8600
Whiteの勝利数: 7644
Blackの勝利数: 8656
Whiteの勝利数: 7695
Blackの勝利数: 8701
Whiteの勝利数: 7741
Blackの勝利数: 8751
Whiteの勝利数: 7772
Blackの勝利数: 8816
Whiteの勝利数: 7816
Blackの勝利数: 8865
Whiteの勝利数: 7860
Blackの勝利数: 8914
Whiteの勝利数: 7905
Blackの勝利数: 8963
Whiteの勝利数: 7953
Blackの勝利数: 9013
Whiteの勝利数: 7998
Blackの勝利数: 9063
Whiteの勝利数: 8042
Blackの勝利数: 9119
Whiteの勝利数: 8086
Blackの勝利数: 9168
Whiteの勝利数: 8123
Blackの勝利数: 9228
Whiteの勝利数: 8167
Blackの勝利数: 9282
Whiteの勝利数: 8208
Blackの勝利数: 9338
Whiteの勝利数: 8241
Blackの勝利数: 9400
Whiteの勝利数: 8285
Blackの勝利数: 9452
Whiteの勝利数: 8325
Blackの勝利数: 9506
Whiteの勝利数: 8361
Blackの勝利数: 9563
Whiteの勝利数: 8401
Blackの勝利数: 9617
Whiteの勝利数: 8453
Blackの勝利数: 9660
Whiteの勝利数: 8508
Blackの勝利数: 9701
Whiteの勝利数: 8554
Blackの勝利数: 9751
Whiteの勝利数: 8597
Blackの勝利数: 9803
Whiteの勝利数: 8636
Blackの勝利数: 9856
Whiteの勝利数: 8674
Blackの勝利数: 9913
Whiteの勝利数: 8717
Blackの勝利数: 9964
Whiteの勝利数: 8753
Blackの勝利数: 10025
Whiteの勝利数: 8785
Blackの勝利数: 10082
Whiteの勝利数: 8827
Blackの勝利数: 10133
Whiteの勝利数: 8872
Blackの勝利数: 10184
Whiteの勝利数: 8916
Blackの勝利数: 10235
Whiteの勝利数: 8953
Blackの勝利数: 10291
Whiteの勝利数: 8994
Blackの勝利数: 10346
Whiteの勝利数: 9037
Blackの勝利数: 10398
Whiteの勝利数: 9078
Blackの勝利数: 10455
Whiteの勝利数: 9125
Blackの勝利数: 10504
Whiteの勝利数: 9167
Blackの勝利数: 10555
Whiteの勝利数: 9207
Blackの勝利数: 10610
Whiteの勝利数: 9247
Blackの勝利数: 10666
Whiteの勝利数: 9292
Blackの勝利数: 10717
Whiteの勝利数: 9327
Blackの勝利数: 10780
Whiteの勝利数: 9362
Blackの勝利数: 10840
Whiteの勝利数: 9403
Blackの勝利数: 10893
Whiteの勝利数: 9448
Blackの勝利数: 10945
Whiteの勝利数: 9485
Blackの勝利数: 11005
Whiteの勝利数: 9522
Blackの勝利数: 11062
Whiteの勝利数: 9567
Blackの勝利数: 11112
Whiteの勝利数: 9606
Blackの勝利数: 11170
Whiteの勝利数: 9653
Blackの勝利数: 11217
Whiteの勝利数: 9694
Blackの勝利数: 11271
Whiteの勝利数: 9738
Blackの勝利数: 11324
Whiteの勝利数: 9782
Blackの勝利数: 11374
Whiteの勝利数: 9825
Blackの勝利数: 11429
Whiteの勝利数: 9870
Blackの勝利数: 11480
Whiteの勝利数: 9911
Blackの勝利数: 11535
Whiteの勝利数: 9961
Blackの勝利数: 11583
Whiteの勝利数: 10009
Blackの勝利数: 11631
Whiteの勝利数: 10052
Blackの勝利数: 11682
Whiteの勝利数: 10091
Blackの勝利数: 11739
Whiteの勝利数: 10140
Blackの勝利数: 11785
Whiteの勝利数: 10174
Blackの勝利数: 11847
Whiteの勝利数: 10212
Blackの勝利数: 11905
Whiteの勝利数: 10258
Blackの勝利数: 11954
Whiteの勝利数: 10305
Blackの勝利数: 12002
Whiteの勝利数: 10347
Blackの勝利数: 12055
Whiteの勝利数: 10385
Blackの勝利数: 12113
Whiteの勝利数: 10422
Blackの勝利数: 12172
Whiteの勝利数: 10454
Blackの勝利数: 12238
Whiteの勝利数: 10492
Blackの勝利数: 12292
Whiteの勝利数: 10533
Blackの勝利数: 12347
Whiteの勝利数: 10578
Blackの勝利数: 12396
Whiteの勝利数: 10617
Blackの勝利数: 12453
Whiteの勝利数: 10662
Blackの勝利数: 12502
Whiteの勝利数: 10706
Blackの勝利数: 12549
Whiteの勝利数: 10739
Blackの勝利数: 12608
Whiteの勝利数: 10782
Blackの勝利数: 12663
Whiteの勝利数: 10820
Blackの勝利数: 12718
Whiteの勝利数: 10869
Blackの勝利数: 12765
Whiteの勝利数: 10916
Blackの勝利数: 12816
Whiteの勝利数: 10956
Blackの勝利数: 12873
Whiteの勝利数: 10994
Blackの勝利数: 12929
Whiteの勝利数: 11033
Blackの勝利数: 12985
Whiteの勝利数: 11076
Blackの勝利数: 13037
Whiteの勝利数: 11121
Blackの勝利数: 13086
Whiteの勝利数: 11170
Blackの勝利数: 13134
Whiteの勝利数: 11206
Blackの勝利数: 13193
Whiteの勝利数: 11251
Blackの勝利数: 13242
Whiteの勝利数: 11293
Blackの勝利数: 13295
Whiteの勝利数: 11330
Blackの勝利数: 13352
Whiteの勝利数: 11370
Blackの勝利数: 13405
Whiteの勝利数: 11414
Blackの勝利数: 13458
Whiteの勝利数: 11454
Blackの勝利数: 13518
Whiteの勝利数: 11491
Blackの勝利数: 13577
Whiteの勝利数: 11533
Blackの勝利数: 13631
Whiteの勝利数: 11570
Blackの勝利数: 13686
Whiteの勝利数: 11616
Blackの勝利数: 13736
Whiteの勝利数: 11660
Blackの勝利数: 13789
Whiteの勝利数: 11699
Blackの勝利数: 13845
Whiteの勝利数: 11740
Blackの勝利数: 13901
Whiteの勝利数: 11780
Blackの勝利数: 13958
Whiteの勝利数: 11825
Blackの勝利数: 14010
Whiteの勝利数: 11865
Blackの勝利数: 14065
Whiteの勝利数: 11912
Blackの勝利数: 14116
Whiteの勝利数: 11949
Blackの勝利数: 14172
Whiteの勝利数: 11998
Blackの勝利数: 14220
Whiteの勝利数: 12038
Blackの勝利数: 14276
Whiteの勝利数: 12079
Blackの勝利数: 14329
Whiteの勝利数: 12122
Blackの勝利数: 14385
Whiteの勝利数: 12171
Blackの勝利数: 14433
Whiteの勝利数: 12214
Blackの勝利数: 14487
Whiteの勝利数: 12261
Blackの勝利数: 14535
Whiteの勝利数: 12305
Blackの勝利数: 14584
Whiteの勝利数: 12349
Blackの勝利数: 14635
Whiteの勝利数: 12391
Blackの勝利数: 14692
Whiteの勝利数: 12427
Blackの勝利数: 14751
Whiteの勝利数: 12467
Blackの勝利数: 14806
Whiteの勝利数: 12518
Blackの勝利数: 14853
Whiteの勝利数: 12557
Blackの勝利数: 14907
Whiteの勝利数: 12597
Blackの勝利数: 14961
Whiteの勝利数: 12638
Blackの勝利数: 15017
Whiteの勝利数: 12678
Blackの勝利数: 15072
Whiteの勝利数: 12720
Blackの勝利数: 15124
Whiteの勝利数: 12756
Blackの勝利数: 15181
Whiteの勝利数: 12792
Blackの勝利数: 15240
Whiteの勝利数: 12823
Blackの勝利数: 15300
Whiteの勝利数: 12859
Blackの勝利数: 15362
Whiteの勝利数: 12900
Blackの勝利数: 15417
Whiteの勝利数: 12934
Blackの勝利数: 15479
Whiteの勝利数: 12978
Blackの勝利数: 15530
Whiteの勝利数: 13022
Blackの勝利数: 15583
Whiteの勝利数: 13074
Blackの勝利数: 15626
Whiteの勝利数: 13114
Blackの勝利数: 15676
Whiteの勝利数: 13153
Blackの勝利数: 15733
Whiteの勝利数: 13191
Blackの勝利数: 15789
Whiteの勝利数: 13234
Blackの勝利数: 15841
Whiteの勝利数: 13279
Blackの勝利数: 15892
Whiteの勝利数: 13326
Blackの勝利数: 15938
Whiteの勝利数: 13377
Blackの勝利数: 15985
Whiteの勝利数: 13431
Blackの勝利数: 16025
Whiteの勝利数: 13477
Blackの勝利数: 16075
Whiteの勝利数: 13516
Blackの勝利数: 16132
Whiteの勝利数: 13549
Blackの勝利数: 16194
Whiteの勝利数: 13594
Blackの勝利数: 16245
Whiteの勝利数: 13628
Blackの勝利数: 16303
Whiteの勝利数: 13678
Blackの勝利数: 16348
Whiteの勝利数: 13712
Blackの勝利数: 16410
Whiteの勝利数: 13745
Blackの勝利数: 16470
Whiteの勝利数: 13782
Blackの勝利数: 16530
Whiteの勝利数: 13834
Blackの勝利数: 16575
Whiteの勝利数: 13881
Blackの勝利数: 16623
Whiteの勝利数: 13922
Blackの勝利数: 16681
Whiteの勝利数: 13956
Blackの勝利数: 16743
Whiteの勝利数: 13997
Blackの勝利数: 16797
Whiteの勝利数: 14039
Blackの勝利数: 16854
Whiteの勝利数: 14089
Blackの勝利数: 16899
Whiteの勝利数: 14131
Blackの勝利数: 16950
Whiteの勝利数: 14169
Blackの勝利数: 17005
Whiteの勝利数: 14202
Blackの勝利数: 17067
Whiteの勝利数: 14249
Blackの勝利数: 17118
Whiteの勝利数: 14293
Blackの勝利数: 17171
Whiteの勝利数: 14334
Blackの勝利数: 17224
Whiteの勝利数: 14376
Blackの勝利数: 17275
Whiteの勝利数: 14410
Blackの勝利数: 17339
Whiteの勝利数: 14450
Blackの勝利数: 17393
Whiteの勝利数: 14484
Blackの勝利数: 17454
Whiteの勝利数: 14528
Blackの勝利数: 17503
Whiteの勝利数: 14578
Blackの勝利数: 17547
Whiteの勝利数: 14618
Blackの勝利数: 17601
Whiteの勝利数: 14654
Blackの勝利数: 17660
Whiteの勝利数: 14697
Blackの勝利数: 17715
Whiteの勝利数: 14733
Blackの勝利数: 17776
Whiteの勝利数: 14780
Blackの勝利数: 17824
Whiteの勝利数: 14812
Blackの勝利数: 17885
Whiteの勝利数: 14851
Blackの勝利数: 17941
Whiteの勝利数: 14888
Blackの勝利数: 18000
Whiteの勝利数: 14937
Blackの勝利数: 18047
Whiteの勝利数: 14976
Blackの勝利数: 18108
Whiteの勝利数: 15021
Blackの勝利数: 18160
Whiteの勝利数: 15059
Blackの勝利数: 18213
Whiteの勝利数: 15108
Blackの勝利数: 18254
Whiteの勝利数: 15152
Blackの勝利数: 18308
Whiteの勝利数: 15195
Blackの勝利数: 18359
Whiteの勝利数: 15233
Blackの勝利数: 18416
Whiteの勝利数: 15270
Blackの勝利数: 18474
Whiteの勝利数: 15308
Blackの勝利数: 18534
Whiteの勝利数: 15353
Blackの勝利数: 18583
Whiteの勝利数: 15402
Blackの勝利数: 18631
Whiteの勝利数: 15448
Blackの勝利数: 18679
Whiteの勝利数: 15484
Blackの勝利数: 18739
Whiteの勝利数: 15528
Blackの勝利数: 18792
Whiteの勝利数: 15562
Blackの勝利数: 18853
Whiteの勝利数: 15607
Blackの勝利数: 18906
Whiteの勝利数: 15649
Blackの勝利数: 18963
Whiteの勝利数: 15687
Blackの勝利数: 19022
Whiteの勝利数: 15727
Blackの勝利数: 19077
Whiteの勝利数: 15767
Blackの勝利数: 19135
Whiteの勝利数: 15809
Blackの勝利数: 19189
Whiteの勝利数: 15852
Blackの勝利数: 19243
Whiteの勝利数: 15891
Blackの勝利数: 19301
Whiteの勝利数: 15932
Blackの勝利数: 19354
Whiteの勝利数: 15966
Blackの勝利数: 19415
Whiteの勝利数: 16006
Blackの勝利数: 19473
Whiteの勝利数: 16050
Blackの勝利数: 19526
Whiteの勝利数: 16092
Blackの勝利数: 19579
Whiteの勝利数: 16121
Blackの勝利数: 19645
Whiteの勝利数: 16159
Blackの勝利数: 19701
Whiteの勝利数: 16199
Blackの勝利数: 19756
Whiteの勝利数: 16238
Blackの勝利数: 19812
Whiteの勝利数: 16276
Blackの勝利数: 19872
Whiteの勝利数: 16317
Blackの勝利数: 19924
Whiteの勝利数: 16363
Blackの勝利数: 19974
Whiteの勝利数: 16406
Blackの勝利数: 20029
Whiteの勝利数: 16446
Blackの勝利数: 20084
Whiteの勝利数: 16482
Blackの勝利数: 20142
Whiteの勝利数: 16523
Blackの勝利数: 20192
Whiteの勝利数: 16562
Blackの勝利数: 20249
Whiteの勝利数: 16602
Blackの勝利数: 20305
Whiteの勝利数: 16640
Blackの勝利数: 20364
Whiteの勝利数: 16678
Blackの勝利数: 20421
Whiteの勝利数: 16713
Blackの勝利数: 20480
Whiteの勝利数: 16755
Blackの勝利数: 20533
Whiteの勝利数: 16784
Blackの勝利数: 20599
Whiteの勝利数: 16823
Blackの勝利数: 20653
Whiteの勝利数: 16860
Blackの勝利数: 20712
Whiteの勝利数: 16902
Blackの勝利数: 20767
Whiteの勝利数: 16938
Blackの勝利数: 20826
Whiteの勝利数: 16974
Blackの勝利数: 20885
Whiteの勝利数: 17025
Blackの勝利数: 20929
Whiteの勝利数: 17066
Blackの勝利数: 20980
Whiteの勝利数: 17112
Blackの勝利数: 21025
Whiteの勝利数: 17159
Blackの勝利数: 21075
Whiteの勝利数: 17194
Blackの勝利数: 21139
Whiteの勝利数: 17237
Blackの勝利数: 21193
Whiteの勝利数: 17282
Blackの勝利数: 21246
Whiteの勝利数: 17328
Blackの勝利数: 21294
Whiteの勝利数: 17357
Blackの勝利数: 21362
Whiteの勝利数: 17396
Blackの勝利数: 21419
Whiteの勝利数: 17447
Blackの勝利数: 21467
Whiteの勝利数: 17490
Blackの勝利数: 21514
Whiteの勝利数: 17530
Blackの勝利数: 21568
Whiteの勝利数: 17571
Blackの勝利数: 21621
Whiteの勝利数: 17612
Blackの勝利数: 21675
Whiteの勝利数: 17650
Blackの勝利数: 21734
Whiteの勝利数: 17691
Blackの勝利数: 21789
Whiteの勝利数: 17739
Blackの勝利数: 21839
Whiteの勝利数: 17780
Blackの勝利数: 21892
Whiteの勝利数: 17826
Blackの勝利数: 21941
Whiteの勝利数: 17861
Blackの勝利数: 22003
Whiteの勝利数: 17900
Blackの勝利数: 22058
Whiteの勝利数: 17935
Blackの勝利数: 22117
Whiteの勝利数: 17975
Blackの勝利数: 22173
Whiteの勝利数: 18017
Blackの勝利数: 22228
Whiteの勝利数: 18047
Blackの勝利数: 22292
Whiteの勝利数: 18079
Blackの勝利数: 22355
Whiteの勝利数: 18115
Blackの勝利数: 22412
Whiteの勝利数: 18164
Blackの勝利数: 22459
Whiteの勝利数: 18206
Blackの勝利数: 22513
Whiteの勝利数: 18250
Blackの勝利数: 22567
Whiteの勝利数: 18293
Blackの勝利数: 22623
Whiteの勝利数: 18331
Blackの勝利数: 22680
Whiteの勝利数: 18372
Blackの勝利数: 22735
Whiteの勝利数: 18400
Blackの勝利数: 22800
Whiteの勝利数: 18434
Blackの勝利数: 22864
Whiteの勝利数: 18478
Blackの勝利数: 22912
Whiteの勝利数: 18521
Blackの勝利数: 22963
Whiteの勝利数: 18566
Blackの勝利数: 23016
Whiteの勝利数: 18604
Blackの勝利数: 23073
Whiteの勝利数: 18641
Blackの勝利数: 23129
Whiteの勝利数: 18679
Blackの勝利数: 23189
Whiteの勝利数: 18715
Blackの勝利数: 23244
Whiteの勝利数: 18757
Blackの勝利数: 23299
Whiteの勝利数: 18806
Blackの勝利数: 23347
Whiteの勝利数: 18846
Blackの勝利数: 23405
Whiteの勝利数: 18885
Blackの勝利数: 23459
Whiteの勝利数: 18923
Blackの勝利数: 23517
Whiteの勝利数: 18968
Blackの勝利数: 23568
Whiteの勝利数: 19004
Blackの勝利数: 23629
Whiteの勝利数: 19034
Blackの勝利数: 23695
Whiteの勝利数: 19067
Blackの勝利数: 23753
Whiteの勝利数: 19101
Blackの勝利数: 23810
Whiteの勝利数: 19141
Blackの勝利数: 23865
Whiteの勝利数: 19179
Blackの勝利数: 23921
Whiteの勝利数: 19217
Blackの勝利数: 23977
Whiteの勝利数: 19253
Blackの勝利数: 24041
Whiteの勝利数: 19291
Blackの勝利数: 24097
Whiteの勝利数: 19333
Blackの勝利数: 24152
Whiteの勝利数: 19366
Blackの勝利数: 24211
Whiteの勝利数: 19400
Blackの勝利数: 24274
Whiteの勝利数: 19439
Blackの勝利数: 24333
Whiteの勝利数: 19479
Blackの勝利数: 24390
Whiteの勝利数: 19515
Blackの勝利数: 24448
Whiteの勝利数: 19550
Blackの勝利数: 24509
Whiteの勝利数: 19601
Blackの勝利数: 24556
Whiteの勝利数: 19648
Blackの勝利数: 24608
Whiteの勝利数: 19687
Blackの勝利数: 24661
Whiteの勝利数: 19723
Blackの勝利数: 24718
Whiteの勝利数: 19768
Blackの勝利数: 24769
Whiteの勝利数: 19818
Blackの勝利数: 24817
Whiteの勝利数: 19858
Blackの勝利数: 24871
Whiteの勝利数: 19909
Blackの勝利数: 24917
Whiteの勝利数: 19956
Blackの勝利数: 24967
Whiteの勝利数: 20009
Blackの勝利数: 25012
Whiteの勝利数: 20064
Blackの勝利数: 25055
Whiteの勝利数: 20107
Blackの勝利数: 25107
Whiteの勝利数: 20149
Blackの勝利数: 25160
Whiteの勝利数: 20196
Blackの勝利数: 25209
Whiteの勝利数: 20241
Blackの勝利数: 25262
Whiteの勝利数: 20274
Blackの勝利数: 25325
Whiteの勝利数: 20320
Blackの勝利数: 25377
Whiteの勝利数: 20359
Blackの勝利数: 25433
Whiteの勝利数: 20400
Blackの勝利数: 25486
Whiteの勝利数: 20446
Blackの勝利数: 25536
Whiteの勝利数: 20486
Blackの勝利数: 25591
Whiteの勝利数: 20530
Blackの勝利数: 25644
Whiteの勝利数: 20560
Blackの勝利数: 25712
Whiteの勝利数: 20599
Blackの勝利数: 25772
Whiteの勝利数: 20642
Blackの勝利数: 25823
Whiteの勝利数: 20683
Blackの勝利数: 25878
Whiteの勝利数: 20725
Blackの勝利数: 25933
Whiteの勝利数: 20760
Blackの勝利数: 25993
Whiteの勝利数: 20795
Blackの勝利数: 26054
Whiteの勝利数: 20834
Blackの勝利数: 26110
Whiteの勝利数: 20865
Blackの勝利数: 26175
Whiteの勝利数: 20908
Blackの勝利数: 26224
Whiteの勝利数: 20948
Blackの勝利数: 26277
Whiteの勝利数: 20996
Blackの勝利数: 26325
Whiteの勝利数: 21029
Blackの勝利数: 26387
Whiteの勝利数: 21077
Blackの勝利数: 26436
Whiteの勝利数: 21114
Blackの勝利数: 26494
Whiteの勝利数: 21156
Blackの勝利数: 26549
Whiteの勝利数: 21201
Blackの勝利数: 26595
Whiteの勝利数: 21242
Blackの勝利数: 26650
Whiteの勝利数: 21280
Blackの勝利数: 26700
Whiteの勝利数: 21328
Blackの勝利数: 26751
Whiteの勝利数: 21366
Blackの勝利数: 26808
Whiteの勝利数: 21418
Blackの勝利数: 26851
Whiteの勝利数: 21462
Blackの勝利数: 26905
Whiteの勝利数: 21511
Blackの勝利数: 26954
Whiteの勝利数: 21559
Blackの勝利数: 27006
Whiteの勝利数: 21602
Blackの勝利数: 27060
Whiteの勝利数: 21639
Blackの勝利数: 27119
Whiteの勝利数: 21679
Blackの勝利数: 27176
Whiteの勝利数: 21720
Blackの勝利数: 27229
Whiteの勝利数: 21761
Blackの勝利数: 27281
Whiteの勝利数: 21800
Blackの勝利数: 27336
Whiteの勝利数: 21836
Blackの勝利数: 27392
Whiteの勝利数: 21886
Blackの勝利数: 27438
Whiteの勝利数: 21928
Blackの勝利数: 27487
Whiteの勝利数: 21972
Blackの勝利数: 27540
Whiteの勝利数: 22024
Blackの勝利数: 27585
Whiteの勝利数: 22064
Blackの勝利数: 27639
Whiteの勝利数: 22103
Blackの勝利数: 27695
Whiteの勝利数: 22142
Blackの勝利数: 27752
Whiteの勝利数: 22190
Blackの勝利数: 27803
Whiteの勝利数: 22231
Blackの勝利数: 27857
Whiteの勝利数: 22273
Blackの勝利数: 27908
Whiteの勝利数: 22312
Blackの勝利数: 27967
Whiteの勝利数: 22354
Blackの勝利数: 28019
Whiteの勝利数: 22398
Blackの勝利数: 28069
Whiteの勝利数: 22439
Blackの勝利数: 28122
Whiteの勝利数: 22483
Blackの勝利数: 28174
Whiteの勝利数: 22521
Blackの勝利数: 28231
Whiteの勝利数: 22555
Blackの勝利数: 28288
Whiteの勝利数: 22602
Blackの勝利数: 28334
Whiteの勝利数: 22647
Blackの勝利数: 28378
Whiteの勝利数: 22689
Blackの勝利数: 28434
Whiteの勝利数: 22728
Blackの勝利数: 28491
Whiteの勝利数: 22773
Blackの勝利数: 28541
Whiteの勝利数: 22813
Blackの勝利数: 28597
Whiteの勝利数: 22863
Blackの勝利数: 28643
Whiteの勝利数: 22906
Blackの勝利数: 28694
Whiteの勝利数: 22939
Blackの勝利数: 28752
Whiteの勝利数: 22986
Blackの勝利数: 28804
Whiteの勝利数: 23030
Blackの勝利数: 28855
Whiteの勝利数: 23079
Blackの勝利数: 28904
Whiteの勝利数: 23116
Blackの勝利数: 28961
Whiteの勝利数: 23150
Blackの勝利数: 29023
Whiteの勝利数: 23198
Blackの勝利数: 29068
Whiteの勝利数: 23239
Blackの勝利数: 29120
Whiteの勝利数: 23283
Blackの勝利数: 29172
Whiteの勝利数: 23325
Blackの勝利数: 29227
Whiteの勝利数: 23372
Blackの勝利数: 29277
Whiteの勝利数: 23422
Blackの勝利数: 29324
Whiteの勝利数: 23460
Blackの勝利数: 29380
Whiteの勝利数: 23507
Blackの勝利数: 29427
Whiteの勝利数: 23550
Blackの勝利数: 29483
Whiteの勝利数: 23589
Blackの勝利数: 29538
Whiteの勝利数: 23629
Blackの勝利数: 29593
Whiteの勝利数: 23676
Blackの勝利数: 29641
Whiteの勝利数: 23715
Blackの勝利数: 29696
Whiteの勝利数: 23755
Blackの勝利数: 29754
Whiteの勝利数: 23795
Blackの勝利数: 29805
Whiteの勝利数: 23836
Blackの勝利数: 29860
Whiteの勝利数: 23877
Blackの勝利数: 29913
Whiteの勝利数: 23919
Blackの勝利数: 29968
Whiteの勝利数: 23950
Blackの勝利数: 30029
Whiteの勝利数: 24001
Blackの勝利数: 30073
Whiteの勝利数: 24043
Blackの勝利数: 30128
Whiteの勝利数: 24078
Blackの勝利数: 30187
Whiteの勝利数: 24118
Blackの勝利数: 30245
Whiteの勝利数: 24160
Blackの勝利数: 30301
Whiteの勝利数: 24198
Blackの勝利数: 30363
Whiteの勝利数: 24238
Blackの勝利数: 30419
Whiteの勝利数: 24271
Blackの勝利数: 30482
Whiteの勝利数: 24312
Blackの勝利数: 30536
Whiteの勝利数: 24348
Blackの勝利数: 30597
Whiteの勝利数: 24383
Blackの勝利数: 30657
Whiteの勝利数: 24424
Blackの勝利数: 30710
Whiteの勝利数: 24478
Blackの勝利数: 30754
Whiteの勝利数: 24522
Blackの勝利数: 30806
Whiteの勝利数: 24566
Blackの勝利数: 30857
Whiteの勝利数: 24607
Blackの勝利数: 30909
Whiteの勝利数: 24654
Blackの勝利数: 30962
Whiteの勝利数: 24692
Blackの勝利数: 31022
Whiteの勝利数: 24736
Blackの勝利数: 31075
Whiteの勝利数: 24777
Blackの勝利数: 31131
Whiteの勝利数: 24816
Blackの勝利数: 31189
Whiteの勝利数: 24856
Blackの勝利数: 31248
Whiteの勝利数: 24899
Blackの勝利数: 31298
Whiteの勝利数: 24942
Blackの勝利数: 31351
Whiteの勝利数: 24986
Blackの勝利数: 31400
Whiteの勝利数: 25034
Blackの勝利数: 31449
Whiteの勝利数: 25077
Blackの勝利数: 31499
Whiteの勝利数: 25117
Blackの勝利数: 31552
Whiteの勝利数: 25155
Blackの勝利数: 31607
Whiteの勝利数: 25202
Blackの勝利数: 31655
Whiteの勝利数: 25237
Blackの勝利数: 31709
Whiteの勝利数: 25274
Blackの勝利数: 31768
Whiteの勝利数: 25315
Blackの勝利数: 31822
Whiteの勝利数: 25355
Blackの勝利数: 31874
Whiteの勝利数: 25395
Blackの勝利数: 31929
Whiteの勝利数: 25441
Blackの勝利数: 31979
Whiteの勝利数: 25483
Blackの勝利数: 32037
Whiteの勝利数: 25520
Blackの勝利数: 32095
Whiteの勝利数: 25558
Blackの勝利数: 32154
Whiteの勝利数: 25599
Blackの勝利数: 32207
Whiteの勝利数: 25636
Blackの勝利数: 32262
Whiteの勝利数: 25678
Blackの勝利数: 32316
Whiteの勝利数: 25711
Blackの勝利数: 32372
Whiteの勝利数: 25748
Blackの勝利数: 32430
Whiteの勝利数: 25791
Blackの勝利数: 32482
Whiteの勝利数: 25836
Blackの勝利数: 32530
Whiteの勝利数: 25874
Blackの勝利数: 32589
Whiteの勝利数: 25914
Blackの勝利数: 32646
Whiteの勝利数: 25961
Blackの勝利数: 32696
Whiteの勝利数: 26007
Blackの勝利数: 32749
Whiteの勝利数: 26049
Blackの勝利数: 32801
Whiteの勝利数: 26093
Blackの勝利数: 32854
Whiteの勝利数: 26131
Blackの勝利数: 32913
Whiteの勝利数: 26174
Blackの勝利数: 32962
Whiteの勝利数: 26219
Blackの勝利数: 33013
Whiteの勝利数: 26251
Blackの勝利数: 33077
Whiteの勝利数: 26290
Blackの勝利数: 33135
Whiteの勝利数: 26330
Blackの勝利数: 33190
Whiteの勝利数: 26375
Blackの勝利数: 33240
Whiteの勝利数: 26420
Blackの勝利数: 33293
Whiteの勝利数: 26458
Blackの勝利数: 33353
Whiteの勝利数: 26490
Blackの勝利数: 33418
Whiteの勝利数: 26530
Blackの勝利数: 33472
Whiteの勝利数: 26567
Blackの勝利数: 33531
Whiteの勝利数: 26610
Blackの勝利数: 33584
Whiteの勝利数: 26648
Blackの勝利数: 33640
Whiteの勝利数: 26696
Blackの勝利数: 33685
Whiteの勝利数: 26736
Blackの勝利数: 33742
Whiteの勝利数: 26773
Blackの勝利数: 33800
Whiteの勝利数: 26817
Blackの勝利数: 33853
Whiteの勝利数: 26853
Blackの勝利数: 33911
Whiteの勝利数: 26895
Blackの勝利数: 33967
Whiteの勝利数: 26924
Blackの勝利数: 34031
Whiteの勝利数: 26961
Blackの勝利数: 34090
Whiteの勝利数: 27004
Blackの勝利数: 34138
Whiteの勝利数: 27046
Blackの勝利数: 34194
Whiteの勝利数: 27094
Blackの勝利数: 34242
Whiteの勝利数: 27129
Blackの勝利数: 34300
Whiteの勝利数: 27180
Blackの勝利数: 34347
Whiteの勝利数: 27230
Blackの勝利数: 34391
Whiteの勝利数: 27264
Blackの勝利数: 34449
Whiteの勝利数: 27309
Blackの勝利数: 34498
Whiteの勝利数: 27346
Blackの勝利数: 34551
Whiteの勝利数: 27385
Blackの勝利数: 34610
Whiteの勝利数: 27426
Blackの勝利数: 34667
Whiteの勝利数: 27468
Blackの勝利数: 34720
Whiteの勝利数: 27512
Blackの勝利数: 34773
Whiteの勝利数: 27556
Blackの勝利数: 34824
Whiteの勝利数: 27597
Blackの勝利数: 34876
Whiteの勝利数: 27631
Blackの勝利数: 34936
Whiteの勝利数: 27672
Blackの勝利数: 34989
Whiteの勝利数: 27709
Blackの勝利数: 35049
Whiteの勝利数: 27747
Blackの勝利数: 35106
Whiteの勝利数: 27786
Blackの勝利数: 35164
Whiteの勝利数: 27832
Blackの勝利数: 35216
Whiteの勝利数: 27874
Blackの勝利数: 35270
Whiteの勝利数: 27919
Blackの勝利数: 35322
Whiteの勝利数: 27962
Blackの勝利数: 35378
Whiteの勝利数: 28006
Blackの勝利数: 35425
Whiteの勝利数: 28052
Blackの勝利数: 35474
Whiteの勝利数: 28092
Blackの勝利数: 35529
Whiteの勝利数: 28132
Blackの勝利数: 35582
Whiteの勝利数: 28173
Blackの勝利数: 35637
Whiteの勝利数: 28205
Blackの勝利数: 35702
Whiteの勝利数: 28244
Blackの勝利数: 35757
Whiteの勝利数: 28278
Blackの勝利数: 35816
Whiteの勝利数: 28317
Blackの勝利数: 35874
Whiteの勝利数: 28358
Blackの勝利数: 35928
Whiteの勝利数: 28404
Blackの勝利数: 35976
Whiteの勝利数: 28436
Blackの勝利数: 36038
Whiteの勝利数: 28469
Blackの勝利数: 36103
Whiteの勝利数: 28510
Blackの勝利数: 36157
Whiteの勝利数: 28565
Blackの勝利数: 36197
Whiteの勝利数: 28607
Blackの勝利数: 36249
Whiteの勝利数: 28648
Blackの勝利数: 36304
Whiteの勝利数: 28690
Blackの勝利数: 36357
Whiteの勝利数: 28728
Blackの勝利数: 36415
Whiteの勝利数: 28767
Blackの勝利数: 36473
Whiteの勝利数: 28811
Blackの勝利数: 36525
Whiteの勝利数: 28849
Blackの勝利数: 36580
Whiteの勝利数: 28885
Blackの勝利数: 36642
Whiteの勝利数: 28928
Blackの勝利数: 36693
Whiteの勝利数: 28970
Blackの勝利数: 36747
Whiteの勝利数: 29015
Blackの勝利数: 36795
Whiteの勝利数: 29055
Blackの勝利数: 36852
Whiteの勝利数: 29096
Blackの勝利数: 36908
Whiteの勝利数: 29139
Blackの勝利数: 36960
Whiteの勝利数: 29175
Blackの勝利数: 37019
Whiteの勝利数: 29219
Blackの勝利数: 37072
Whiteの勝利数: 29265
Blackの勝利数: 37122
Whiteの勝利数: 29304
Blackの勝利数: 37178
Whiteの勝利数: 29346
Blackの勝利数: 37231
Whiteの勝利数: 29379
Blackの勝利数: 37291
Whiteの勝利数: 29422
Blackの勝利数: 37342
Whiteの勝利数: 29461
Blackの勝利数: 37398
Whiteの勝利数: 29509
Blackの勝利数: 37447
Whiteの勝利数: 29557
Blackの勝利数: 37495
Whiteの勝利数: 29599
Blackの勝利数: 37550
Whiteの勝利数: 29645
Blackの勝利数: 37600
Whiteの勝利数: 29685
Blackの勝利数: 37654
Whiteの勝利数: 29721
Blackの勝利数: 37715
Whiteの勝利数: 29764
Blackの勝利数: 37770
Whiteの勝利数: 29807
Blackの勝利数: 37822
Whiteの勝利数: 29847
Blackの勝利数: 37879
Whiteの勝利数: 29887
Blackの勝利数: 37934
Whiteの勝利数: 29930
Blackの勝利数: 37988
Whiteの勝利数: 29981
Blackの勝利数: 38031
Whiteの勝利数: 30039
Blackの勝利数: 38066
Whiteの勝利数: 30078
Blackの勝利数: 38124
Whiteの勝利数: 30111
Blackの勝利数: 38188
Whiteの勝利数: 30143
Blackの勝利数: 38250
Whiteの勝利数: 30181
Blackの勝利数: 38306
Whiteの勝利数: 30215
Blackの勝利数: 38365
Whiteの勝利数: 30258
Blackの勝利数: 38419
Whiteの勝利数: 30301
Blackの勝利数: 38469
Whiteの勝利数: 30347
Blackの勝利数: 38520
Whiteの勝利数: 30384
Blackの勝利数: 38578
Whiteの勝利数: 30434
Blackの勝利数: 38625
Whiteの勝利数: 30469
Blackの勝利数: 38685
Whiteの勝利数: 30502
Blackの勝利数: 38749
Whiteの勝利数: 30547
Blackの勝利数: 38801
Whiteの勝利数: 30592
Blackの勝利数: 38851
Whiteの勝利数: 30631
Blackの勝利数: 38907
Whiteの勝利数: 30666
Blackの勝利数: 38967
Whiteの勝利数: 30712
Blackの勝利数: 39019
Whiteの勝利数: 30756
Blackの勝利数: 39070
Whiteの勝利数: 30799
Blackの勝利数: 39118
Whiteの勝利数: 30840
Blackの勝利数: 39174
Whiteの勝利数: 30882
Blackの勝利数: 39230
Whiteの勝利数: 30923
Blackの勝利数: 39281
Whiteの勝利数: 30969
Blackの勝利数: 39330
Whiteの勝利数: 31008
Blackの勝利数: 39385
Whiteの勝利数: 31040
Blackの勝利数: 39446
Whiteの勝利数: 31087
Blackの勝利数: 39493
Whiteの勝利数: 31138
Blackの勝利数: 39535
Whiteの勝利数: 31175
Blackの勝利数: 39592
Whiteの勝利数: 31212
Blackの勝利数: 39652
Whiteの勝利数: 31252
Blackの勝利数: 39705
Whiteの勝利数: 31284
Blackの勝利数: 39770
Whiteの勝利数: 31329
Blackの勝利数: 39818
Whiteの勝利数: 31357
Blackの勝利数: 39885
Whiteの勝利数: 31396
Blackの勝利数: 39940
Whiteの勝利数: 31435
Blackの勝利数: 39994
Whiteの勝利数: 31481
Blackの勝利数: 40044
Whiteの勝利数: 31526
Blackの勝利数: 40094
Whiteの勝利数: 31575
Blackの勝利数: 40142
Whiteの勝利数: 31614
Blackの勝利数: 40198
Whiteの勝利数: 31660
Blackの勝利数: 40249
Whiteの勝利数: 31716
Blackの勝利数: 40292
Whiteの勝利数: 31761
Blackの勝利数: 40341
Whiteの勝利数: 31802
Blackの勝利数: 40399
Whiteの勝利数: 31841
Blackの勝利数: 40456
Whiteの勝利数: 31882
Blackの勝利数: 40513
Whiteの勝利数: 31923
Blackの勝利数: 40566
Whiteの勝利数: 31958
Blackの勝利数: 40629
Whiteの勝利数: 32006
Blackの勝利数: 40677
Whiteの勝利数: 32046
Blackの勝利数: 40728
Whiteの勝利数: 32094
Blackの勝利数: 40776
Whiteの勝利数: 32134
Blackの勝利数: 40832
Whiteの勝利数: 32183
Blackの勝利数: 40875
Whiteの勝利数: 32226
Blackの勝利数: 40928
Whiteの勝利数: 32268
Blackの勝利数: 40979
Whiteの勝利数: 32311
Blackの勝利数: 41031
Whiteの勝利数: 32354
Blackの勝利数: 41085
Whiteの勝利数: 32399
Blackの勝利数: 41138
Whiteの勝利数: 32440
Blackの勝利数: 41193
Whiteの勝利数: 32484
Blackの勝利数: 41244
Whiteの勝利数: 32530
Blackの勝利数: 41294
Whiteの勝利数: 32578
Blackの勝利数: 41341
Whiteの勝利数: 32616
Blackの勝利数: 41392
Whiteの勝利数: 32652
Blackの勝利数: 41455
Whiteの勝利数: 32699
Blackの勝利数: 41502
Whiteの勝利数: 32736
Blackの勝利数: 41558
Whiteの勝利数: 32780
Blackの勝利数: 41609
Whiteの勝利数: 32814
Blackの勝利数: 41669
Whiteの勝利数: 32854
Blackの勝利数: 41726
Whiteの勝利数: 32894
Blackの勝利数: 41781
Whiteの勝利数: 32942
Blackの勝利数: 41830
Whiteの勝利数: 32981
Blackの勝利数: 41886
Whiteの勝利数: 33022
Blackの勝利数: 41940
Whiteの勝利数: 33064
Blackの勝利数: 41995
Whiteの勝利数: 33100
Blackの勝利数: 42052
Whiteの勝利数: 33141
Blackの勝利数: 42105
Whiteの勝利数: 33186
Blackの勝利数: 42155
Whiteの勝利数: 33227
Blackの勝利数: 42208
Whiteの勝利数: 33269
Blackの勝利数: 42263
Whiteの勝利数: 33316
Blackの勝利数: 42314
Whiteの勝利数: 33357
Blackの勝利数: 42366
Whiteの勝利数: 33401
Blackの勝利数: 42418
Whiteの勝利数: 33439
Blackの勝利数: 42475
Whiteの勝利数: 33482
Blackの勝利数: 42529
Whiteの勝利数: 33525
Blackの勝利数: 42579
Whiteの勝利数: 33557
Blackの勝利数: 42641
Whiteの勝利数: 33599
Blackの勝利数: 42696
Whiteの勝利数: 33642
Blackの勝利数: 42750
Whiteの勝利数: 33694
Blackの勝利数: 42795
Whiteの勝利数: 33730
Blackの勝利数: 42856
Whiteの勝利数: 33767
Blackの勝利数: 42914
Whiteの勝利数: 33813
Blackの勝利数: 42965
Whiteの勝利数: 33856
Blackの勝利数: 43018
Whiteの勝利数: 33901
Blackの勝利数: 43070
Whiteの勝利数: 33941
Blackの勝利数: 43128
Whiteの勝利数: 33980
Blackの勝利数: 43185
Whiteの勝利数: 34023
Blackの勝利数: 43239
Whiteの勝利数: 34063
Blackの勝利数: 43293
Whiteの勝利数: 34107
Blackの勝利数: 43343
Whiteの勝利数: 34152
Blackの勝利数: 43397
Whiteの勝利数: 34194
Blackの勝利数: 43450
Whiteの勝利数: 34238
Blackの勝利数: 43502
Whiteの勝利数: 34270
Blackの勝利数: 43562
Whiteの勝利数: 34316
Blackの勝利数: 43607
Whiteの勝利数: 34347
Blackの勝利数: 43669
Whiteの勝利数: 34382
Blackの勝利数: 43732
Whiteの勝利数: 34427
Blackの勝利数: 43781
Whiteの勝利数: 34472
Blackの勝利数: 43830
Whiteの勝利数: 34510
Blackの勝利数: 43887
Whiteの勝利数: 34559
Blackの勝利数: 43930
Whiteの勝利数: 34598
Blackの勝利数: 43985
Whiteの勝利数: 34637
Blackの勝利数: 44039
Whiteの勝利数: 34681
Blackの勝利数: 44092
Whiteの勝利数: 34719
Blackの勝利数: 44151
Whiteの勝利数: 34761
Blackの勝利数: 44201
Whiteの勝利数: 34809
Blackの勝利数: 44246
Whiteの勝利数: 34850
Blackの勝利数: 44299
Whiteの勝利数: 34891
Blackの勝利数: 44354
Whiteの勝利数: 34936
Blackの勝利数: 44404
Whiteの勝利数: 34984
Blackの勝利数: 44455
Whiteの勝利数: 35027
Blackの勝利数: 44510
Whiteの勝利数: 35068
Blackの勝利数: 44565
Whiteの勝利数: 35111
Blackの勝利数: 44620
Whiteの勝利数: 35155
Blackの勝利数: 44671
Whiteの勝利数: 35199
Blackの勝利数: 44724
Whiteの勝利数: 35242
Blackの勝利数: 44777
Whiteの勝利数: 35281
Blackの勝利数: 44833
Whiteの勝利数: 35323
Blackの勝利数: 44891
Whiteの勝利数: 35364
Blackの勝利数: 44948
Whiteの勝利数: 35407
Blackの勝利数: 45002
Whiteの勝利数: 35450
Blackの勝利数: 45051
Whiteの勝利数: 35490
Blackの勝利数: 45105
Whiteの勝利数: 35528
Blackの勝利数: 45160
Whiteの勝利数: 35573
Blackの勝利数: 45211
Whiteの勝利数: 35618
Blackの勝利数: 45263
Whiteの勝利数: 35661
Blackの勝利数: 45317
Whiteの勝利数: 35704
Blackの勝利数: 45366
Whiteの勝利数: 35748
Blackの勝利数: 45417
Whiteの勝利数: 35797
Blackの勝利数: 45464
Whiteの勝利数: 35845
Blackの勝利数: 45510
Whiteの勝利数: 35880
Blackの勝利数: 45571
Whiteの勝利数: 35919
Blackの勝利数: 45626
Whiteの勝利数: 35956
Blackの勝利数: 45685
Whiteの勝利数: 35989
Blackの勝利数: 45748
Whiteの勝利数: 36022
Blackの勝利数: 45812
Whiteの勝利数: 36062
Blackの勝利数: 45866
Whiteの勝利数: 36106
Blackの勝利数: 45915
Whiteの勝利数: 36146
Blackの勝利数: 45971
Whiteの勝利数: 36183
Blackの勝利数: 46028
Whiteの勝利数: 36216
Blackの勝利数: 46084
Whiteの勝利数: 36260
Blackの勝利数: 46136
Whiteの勝利数: 36305
Blackの勝利数: 46186
Whiteの勝利数: 36351
Blackの勝利数: 46234
Whiteの勝利数: 36396
Blackの勝利数: 46282
Whiteの勝利数: 36435
Blackの勝利数: 46341
Whiteの勝利数: 36477
Blackの勝利数: 46393
Whiteの勝利数: 36511
Blackの勝利数: 46456
Whiteの勝利数: 36557
Blackの勝利数: 46504
Whiteの勝利数: 36601
Blackの勝利数: 46560
Whiteの勝利数: 36633
Blackの勝利数: 46625
Whiteの勝利数: 36673
Blackの勝利数: 46683
Whiteの勝利数: 36713
Blackの勝利数: 46737
Whiteの勝利数: 36755
Blackの勝利数: 46794
Whiteの勝利数: 36794
Blackの勝利数: 46847
Whiteの勝利数: 36833
Blackの勝利数: 46901
Whiteの勝利数: 36881
Blackの勝利数: 46946
Whiteの勝利数: 36930
Blackの勝利数: 46992
Whiteの勝利数: 36966
Blackの勝利数: 47049
Whiteの勝利数: 37004
Blackの勝利数: 47106
Whiteの勝利数: 37038
Blackの勝利数: 47166
Whiteの勝利数: 37087
Blackの勝利数: 47211
Whiteの勝利数: 37126
Blackの勝利数: 47269
Whiteの勝利数: 37172
Blackの勝利数: 47320
Whiteの勝利数: 37206
Blackの勝利数: 47380
Whiteの勝利数: 37245
Blackの勝利数: 47435
Whiteの勝利数: 37290
Blackの勝利数: 47486
Whiteの勝利数: 37333
Blackの勝利数: 47541
Whiteの勝利数: 37368
Blackの勝利数: 47602
Whiteの勝利数: 37403
Blackの勝利数: 47662
Whiteの勝利数: 37444
Blackの勝利数: 47717
Whiteの勝利数: 37487
Blackの勝利数: 47768
Whiteの勝利数: 37525
Blackの勝利数: 47826
Whiteの勝利数: 37566
Blackの勝利数: 47881
Whiteの勝利数: 37602
Blackの勝利数: 47938
Whiteの勝利数: 37639
Blackの勝利数: 47995
Whiteの勝利数: 37665
Blackの勝利数: 48061
Whiteの勝利数: 37700
Blackの勝利数: 48123
Whiteの勝利数: 37740
Blackの勝利数: 48179
Whiteの勝利数: 37781
Blackの勝利数: 48235
Whiteの勝利数: 37822
Blackの勝利数: 48292
Whiteの勝利数: 37860
Blackの勝利数: 48351
Whiteの勝利数: 37901
Blackの勝利数: 48406
Whiteの勝利数: 37939
Blackの勝利数: 48465
Whiteの勝利数: 37975
Blackの勝利数: 48524
Whiteの勝利数: 38011
Blackの勝利数: 48581
Whiteの勝利数: 38051
Blackの勝利数: 48634
Whiteの勝利数: 38085
Blackの勝利数: 48695
Whiteの勝利数: 38125
Blackの勝利数: 48749
Whiteの勝利数: 38166
Blackの勝利数: 48805
Whiteの勝利数: 38203
Blackの勝利数: 48864
Whiteの勝利数: 38246
Blackの勝利数: 48917
Whiteの勝利数: 38284
Blackの勝利数: 48975
Whiteの勝利数: 38330
Blackの勝利数: 49023
Whiteの勝利数: 38373
Blackの勝利数: 49075
Whiteの勝利数: 38407
Blackの勝利数: 49134
Whiteの勝利数: 38452
Blackの勝利数: 49183
Whiteの勝利数: 38488
Blackの勝利数: 49246
Whiteの勝利数: 38536
Blackの勝利数: 49293
Whiteの勝利数: 38569
Blackの勝利数: 49352
Whiteの勝利数: 38615
Blackの勝利数: 49403
Whiteの勝利数: 38657
Blackの勝利数: 49457
Whiteの勝利数: 38700
Blackの勝利数: 49510
Whiteの勝利数: 38737
Blackの勝利数: 49569
Whiteの勝利数: 38767
Blackの勝利数: 49633
Whiteの勝利数: 38809
Blackの勝利数: 49686
Whiteの勝利数: 38848
Blackの勝利数: 49743
Whiteの勝利数: 38896
Blackの勝利数: 49792
Whiteの勝利数: 38937
Blackの勝利数: 49845
Whiteの勝利数: 38976
Blackの勝利数: 49903
Whiteの勝利数: 39014
Blackの勝利数: 49963
Whiteの勝利数: 39055
Blackの勝利数: 50019
Whiteの勝利数: 39097
Blackの勝利数: 50070
Whiteの勝利数: 39137
Blackの勝利数: 50122
Whiteの勝利数: 39195
Blackの勝利数: 50162
Whiteの勝利数: 39232
Blackの勝利数: 50220
Whiteの勝利数: 39272
Blackの勝利数: 50278
Whiteの勝利数: 39315
Blackの勝利数: 50328
Whiteの勝利数: 39357
Blackの勝利数: 50379
Whiteの勝利数: 39396
Blackの勝利数: 50437
Whiteの勝利数: 39437
Blackの勝利数: 50494
Whiteの勝利数: 39481
Blackの勝利数: 50549
Whiteの勝利数: 39522
Blackの勝利数: 50604
Whiteの勝利数: 39564
Blackの勝利数: 50659
Whiteの勝利数: 39610
Blackの勝利数: 50710
Whiteの勝利数: 39650
Blackの勝利数: 50764
Whiteの勝利数: 39695
Blackの勝利数: 50812
Whiteの勝利数: 39745
Blackの勝利数: 50855
Whiteの勝利数: 39783
Blackの勝利数: 50913
Whiteの勝利数: 39822
Blackの勝利数: 50971
Whiteの勝利数: 39866
Blackの勝利数: 51023
Whiteの勝利数: 39908
Blackの勝利数: 51078
Whiteの勝利数: 39950
Blackの勝利数: 51130
Whiteの勝利数: 39986
Blackの勝利数: 51190
Whiteの勝利数: 40024
Blackの勝利数: 51248
Whiteの勝利数: 40063
Blackの勝利数: 51304
Whiteの勝利数: 40097
Blackの勝利数: 51366
Whiteの勝利数: 40142
Blackの勝利数: 51418
Whiteの勝利数: 40182
Blackの勝利数: 51471
Whiteの勝利数: 40221
Blackの勝利数: 51523
Whiteの勝利数: 40254
Blackの勝利数: 51583
Whiteの勝利数: 40299
Blackの勝利数: 51627
Whiteの勝利数: 40338
Blackの勝利数: 51684
Whiteの勝利数: 40380
Blackの勝利数: 51737
Whiteの勝利数: 40417
Blackの勝利数: 51799
Whiteの勝利数: 40449
Blackの勝利数: 51863
Whiteの勝利数: 40497
Blackの勝利数: 51903
Whiteの勝利数: 40532
Blackの勝利数: 51963
Whiteの勝利数: 40570
Blackの勝利数: 52020
Whiteの勝利数: 40621
Blackの勝利数: 52065
Whiteの勝利数: 40666
Blackの勝利数: 52117
Whiteの勝利数: 40702
Blackの勝利数: 52176
Whiteの勝利数: 40751
Blackの勝利数: 52221
Whiteの勝利数: 40794
Blackの勝利数: 52274
Whiteの勝利数: 40834
Blackの勝利数: 52333
Whiteの勝利数: 40870
Blackの勝利数: 52393
Whiteの勝利数: 40913
Blackの勝利数: 52445
Whiteの勝利数: 40952
Blackの勝利数: 52505
Whiteの勝利数: 40992
Blackの勝利数: 52561
Whiteの勝利数: 41033
Blackの勝利数: 52618
Whiteの勝利数: 41075
Blackの勝利数: 52673
Whiteの勝利数: 41120
Blackの勝利数: 52724
Whiteの勝利数: 41156
Blackの勝利数: 52783
Whiteの勝利数: 41195
Blackの勝利数: 52837
Whiteの勝利数: 41242
Blackの勝利数: 52886
Whiteの勝利数: 41289
Blackの勝利数: 52936
Whiteの勝利数: 41329
Blackの勝利数: 52991
Whiteの勝利数: 41373
Blackの勝利数: 53043
Whiteの勝利数: 41409
Blackの勝利数: 53103
Whiteの勝利数: 41445
Blackの勝利数: 53162
Whiteの勝利数: 41490
Blackの勝利数: 53211
Whiteの勝利数: 41536
Blackの勝利数: 53262
Whiteの勝利数: 41569
Blackの勝利数: 53325
Whiteの勝利数: 41603
Blackの勝利数: 53386
Whiteの勝利数: 41646
Blackの勝利数: 53439
Whiteの勝利数: 41696
Blackの勝利数: 53486
Whiteの勝利数: 41737
Blackの勝利数: 53540
Whiteの勝利数: 41777
Blackの勝利数: 53597
