0 0.42
1500 0.42
100 0.42
1600 0.38
200 0.43
1700 0.4
1800 0.5
1900 0.51
2000 0.41
2100 0.38
2200 0.45
2300 0.49
2400 0.4
2500 0.58
2600 0.57
2700 0.46
2800 0.45
2900 0.4
3000 0.43
3100 0.46
3200 0.49
3300 0.52
3400 0.42
3500 0.4
3600 0.41
3700 0.4
3800 0.44
3900 0.52
4000 0.41
4100 0.46
4200 0.52
4300 0.53
4400 0.47
4500 0.55
4600 0.5
4700 0.38
4800 0.44
4900 0.43
5000 0.48
5100 0.6
5200 0.52
5300 0.37
5400 0.49
5500 0.44
5600 0.41
5700 0.5
5800 0.43
5900 0.47
6000 0.45
6100 0.52
6200 0.45
6300 0.48
6400 0.33
6500 0.4
6600 0.44
6700 0.54
6800 0.53
6900 0.42
7000 0.51
7100 0.42
7200 0.46
7300 0.43
7400 0.53
7500 0.47
7600 0.41
7700 0.5
7800 0.46
7900 0.57
8000 0.59
8100 0.38
8200 0.38
8300 0.49
8400 0.52
8500 0.52
8600 0.37
8700 0.43
8800 0.46
8900 0.36
9000 0.36
9100 0.55
9200 0.55
9300 0.54
9400 0.39
9500 0.49
9600 0.48
9700 0.43
9800 0.44
9900 0.45
10000 0.47
10100 0.38
10200 0.33
10300 0.49
10400 0.58
10500 0.57
10600 0.42
10700 0.51
10800 0.46
10900 0.58
11000 0.47
11100 0.41
11200 0.44
11300 0.37
11400 0.44
11500 0.52
11600 0.54
11700 0.47
11800 0.45
11900 0.55
12000 0.46
12100 0.35
12200 0.49
12300 0.41
12400 0.4
12500 0.42
12600 0.47
12700 0.42
12800 0.52
12900 0.44
13000 0.49
13100 0.49
13200 0.54
13300 0.5
13400 0.55
13500 0.54
13600 0.42
13700 0.39
13800 0.43
13900 0.51
14000 0.41
14100 0.46
14200 0.46
14300 0.45
14400 0.48
14500 0.4
14600 0.41
14700 0.42
14800 0.45
14900 0.45
15000 0.48
15100 0.41
15200 0.43
15300 0.36
15400 0.41
15500 0.54
15600 0.39
15700 0.42
15800 0.38
15900 0.4
16000 0.41
16100 0.36
16200 0.47
16300 0.45
16400 0.47
16500 0.43
16600 0.32
16700 0.41
16800 0.52
16900 0.47
17000 0.4
17100 0.5
17200 0.43
17300 0.46
17400 0.48
17500 0.43
17600 0.42
17700 0.48
17800 0.39
17900 0.4
18000 0.44
18100 0.38
18200 0.55
18300 0.53
18400 0.45
18500 0.46
18600 0.46
18700 0.47
18800 0.44
18900 0.43
19000 0.42
19100 0.44
19200 0.45
19300 0.5
19400 0.45
19500 0.54
19600 0.48
19700 0.47
19800 0.56
19900 0.36
20000 0.36
20100 0.46
20200 0.39
20300 0.46
20400 0.5
20500 0.42
20600 0.42
20700 0.49
20800 0.35
20900 0.48
21000 0.48
21100 0.43
21200 0.46
21300 0.39
21400 0.38
21500 0.44
21600 0.44
21700 0.47
21800 0.4
21900 0.37
22000 0.38
22100 0.46
22200 0.42
22300 0.35
22400 0.48
22500 0.45
22600 0.49
22700 0.48
22800 0.44
22900 0.44
23000 0.53
23100 0.48
23200 0.5
23300 0.48
23400 0.45
23500 0.35
23600 0.46
23700 0.48
23800 0.49
23900 0.5
24000 0.46
24100 0.43
24200 0.45
24300 0.46
24400 0.42
24500 0.5
24600 0.5
24700 0.52
24800 0.39
24900 0.38
25000 0.48
25100 0.36
25200 0.43
25300 0.52
25400 0.47
25500 0.4
25600 0.51
25700 0.38
25800 0.44
25900 0.45
26000 0.47
26100 0.34
26200 0.47
26300 0.49
26400 0.42
26500 0.38
26600 0.46
26700 0.37
26800 0.37
26900 0.46
27000 0.49
27100 0.42
27200 0.48
27300 0.38
27400 0.37
27500 0.45
27600 0.49
27700 0.52
27800 0.5
27900 0.42
28000 0.49
28100 0.47
28200 0.42
28300 0.47
28400 0.38
28500 0.47
28600 0.46
28700 0.55
28800 0.52
28900 0.45
29000 0.45
29100 0.48
29200 0.46
29300 0.5
29400 0.47
29500 0.41
29600 0.52
29700 0.47
29800 0.55
29900 0.36
30000 0.42
30100 0.47
30200 0.39
30300 0.49
30400 0.34
30500 0.54
30600 0.43
30700 0.4
30800 0.47
30900 0.43
31000 0.44
31100 0.39
31200 0.51
31300 0.52
31400 0.38
31500 0.34
31600 0.43
31700 0.38
31800 0.4
31900 0.38
32000 0.41
32100 0.42
32200 0.41
32300 0.34
32400 0.49
32500 0.51
32600 0.48
32700 0.41
32800 0.46
32900 0.43
33000 0.42
33100 0.45
33200 0.51
33300 0.43
33400 0.41
33500 0.44
33600 0.41
33700 0.38
33800 0.38
33900 0.37
34000 0.45
34100 0.47
34200 0.44
34300 0.39
34400 0.35
34500 0.4
34600 0.4
34700 0.47
34800 0.4
34900 0.42
35000 0.42
35100 0.44
35200 0.47
35300 0.43
35400 0.49
35500 0.43
35600 0.47
35700 0.35
35800 0.42
35900 0.49
36000 0.44
36100 0.36
36200 0.46
36300 0.5
36400 0.35
36500 0.39
36600 0.39
36700 0.41
36800 0.45
36900 0.48
37000 0.47
37100 0.48
37200 0.48
37300 0.54
37400 0.45
37500 0.38
37600 0.57
37700 0.55
37800 0.42
37900 0.47
38000 0.58
38100 0.46
38200 0.37
38300 0.45
38400 0.44
38500 0.56
38600 0.53
38700 0.45
38800 0.43
38900 0.46
39000 0.46
39100 0.43
39200 0.36
39300 0.33
39400 0.35
39500 0.5
39600 0.49
39700 0.46
39800 0.56
39900 0.48
40000 0.6
40100 0.37
40200 0.38
40300 0.31
40400 0.34
40500 0.51
40600 0.48
40700 0.56
40800 0.42
40900 0.38
41000 0.34
41100 0.48
41200 0.5
41300 0.5
41400 0.47
41500 0.52
41600 0.49
41700 0.41
41800 0.5
41900 0.46
42000 0.41
42100 0.45
42200 0.46
42300 0.47
42400 0.47
42500 0.4
42600 0.42
42700 0.45
42800 0.46
42900 0.4
43000 0.46
43100 0.39
43200 0.44
43300 0.5
43400 0.48
43500 0.42
43600 0.4
43700 0.38
43800 0.37
43900 0.42
44000 0.47
44100 0.44
44200 0.5
44300 0.54
44400 0.48
44500 0.41
44600 0.42
44700 0.42
44800 0.39
44900 0.55
45000 0.47
45100 0.39
45200 0.47
45300 0.39
45400 0.37
45500 0.47
45600 0.43
45700 0.53
45800 0.48
45900 0.41
46000 0.44
46100 0.5
46200 0.53
46300 0.37
46400 0.49
46500 0.4
46600 0.38
46700 0.46
46800 0.34
46900 0.5
47000 0.39
47100 0.4
47200 0.43
47300 0.39
47400 0.43
47500 0.43
47600 0.44
47700 0.48
47800 0.47
47900 0.44
48000 0.5
48100 0.45
48200 0.38
48300 0.49
48400 0.44
48500 0.45
48600 0.43
48700 0.44
48800 0.4
48900 0.47
49000 0.47
49100 0.37
49200 0.51
49300 0.47
49400 0.47
49500 0.31
49600 0.43
49700 0.47
49800 0.44
49900 0.46
50000 0.47
50100 0.47
50200 0.37
50300 0.45
50400 0.53
50500 0.48
50600 0.52
50700 0.46
50800 0.43
50900 0.49
51000 0.49
51100 0.43
51200 0.46
51300 0.44
51400 0.38
51500 0.41
51600 0.37
51700 0.41
51800 0.51
51900 0.46
52000 0.35
52100 0.49
52200 0.46
52300 0.48
52400 0.41
52500 0.43
52600 0.34
52700 0.43
52800 0.5
52900 0.46
53000 0.48
53100 0.44
53200 0.41
53300 0.42
53400 0.41
53500 0.45
53600 0.39
53700 0.45
53800 0.48
53900 0.39
54000 0.5
54100 0.43
54200 0.37
54300 0.42
54400 0.33
54500 0.48
54600 0.35
54700 0.42
54800 0.44
54900 0.4
55000 0.41
55100 0.4
55200 0.45
55300 0.4
55400 0.33
55500 0.43
55600 0.52
55700 0.41
55800 0.46
55900 0.39
56000 0.36
56100 0.36
56200 0.43
56300 0.42
56400 0.43
56500 0.43
56600 0.35
56700 0.46
56800 0.44
56900 0.49
57000 0.44
57100 0.5
57200 0.47
57300 0.45
57400 0.43
57500 0.56
57600 0.45
57700 0.42
57800 0.37
57900 0.39
58000 0.42
58100 0.57
58200 0.49
58300 0.43
58400 0.45
58500 0.41
58600 0.37
58700 0.46
58800 0.45
58900 0.4
59000 0.37
59100 0.44
59200 0.48
59300 0.4
59400 0.39
59500 0.45
59600 0.43
59700 0.35
59800 0.35
59900 0.43
60000 0.32
60100 0.39
60200 0.43
60300 0.4
60400 0.4
60500 0.38
60600 0.49
60700 0.46
60800 0.47
60900 0.48
61000 0.37
61100 0.32
61200 0.43
61300 0.46
61400 0.49
61500 0.34
61600 0.44
61700 0.45
61800 0.44
61900 0.42
62000 0.45
62100 0.44
62200 0.5
62300 0.39
62400 0.34
62500 0.47
62600 0.41
62700 0.37
62800 0.48
62900 0.51
63000 0.48
63100 0.39
63200 0.44
63300 0.42
63400 0.44
63500 0.45
63600 0.49
63700 0.46
63800 0.41
63900 0.38
64000 0.46
64100 0.42
64200 0.42
64300 0.38
64400 0.45
64500 0.51
64600 0.47
64700 0.44
64800 0.38
64900 0.4
65000 0.42
65100 0.42
65200 0.49
65300 0.41
65400 0.41
65500 0.49
65600 0.46
65700 0.44
65800 0.35
65900 0.36
66000 0.39
66100 0.42
66200 0.39
66300 0.44
66400 0.35
66500 0.33
66600 0.45
66700 0.52
66800 0.54
66900 0.46
67000 0.41
67100 0.5
67200 0.39
67300 0.44
67400 0.43
67500 0.43
67600 0.39
67700 0.47
67800 0.54
67900 0.49
68000 0.44
68100 0.37
68200 0.44
68300 0.43
68400 0.51
68500 0.45
68600 0.49
68700 0.42
68800 0.36
68900 0.42
69000 0.43
69100 0.51
69200 0.46
69300 0.4
69400 0.47
69500 0.33
69600 0.37
69700 0.33
69800 0.37
69900 0.31
70000 0.45
70100 0.44
70200 0.46
70300 0.44
70400 0.33
70500 0.35
70600 0.41
70700 0.39
70800 0.42
70900 0.5
71000 0.42
71100 0.45
71200 0.43
71300 0.47
71400 0.48
71500 0.5
71600 0.42
71700 0.45
71800 0.45
71900 0.4
72000 0.37
72100 0.47
72200 0.5
72300 0.43
72400 0.45
72500 0.4
72600 0.41
72700 0.36
72800 0.46
72900 0.41
73000 0.37
73100 0.41
73200 0.45
73300 0.46
73400 0.47
73500 0.5
73600 0.38
73700 0.35
73800 0.41
73900 0.41
74000 0.52
74100 0.49
74200 0.55
74300 0.43
74400 0.37
74500 0.4
74600 0.54
74700 0.4
74800 0.48
74900 0.47
75000 0.37
75100 0.41
75200 0.38
75300 0.43
75400 0.48
75500 0.53
75600 0.45
75700 0.44
75800 0.43
75900 0.39
76000 0.45
76100 0.46
76200 0.48
76300 0.47
76400 0.42
76500 0.47
76600 0.41
76700 0.41
76800 0.49
76900 0.47
77000 0.54
77100 0.45
77200 0.4
77300 0.44
77400 0.43
77500 0.47
77600 0.45
77700 0.41
77800 0.51
77900 0.48
78000 0.47
78100 0.51
78200 0.61
78300 0.42
78400 0.37
78500 0.31
78600 0.49
78700 0.47
78800 0.42
78900 0.48
79000 0.4
79100 0.37
79200 0.45
79300 0.49
79400 0.4
79500 0.39
79600 0.39
79700 0.37
79800 0.41
79900 0.43
80000 0.39
80100 0.5
80200 0.38
80300 0.33
80400 0.45
80500 0.42
80600 0.47
80700 0.44
80800 0.33
80900 0.47
81000 0.42
81100 0.41
81200 0.48
81300 0.52
81400 0.49
81500 0.46
81600 0.41
81700 0.37
81800 0.38
81900 0.45
82000 0.38
82100 0.5
82200 0.5
82300 0.41
82400 0.33
82500 0.43
82600 0.41
82700 0.36
82800 0.43
82900 0.37
83000 0.48
83100 0.45
83200 0.37
83300 0.42
83400 0.43
83500 0.35
83600 0.34
83700 0.45
83800 0.36
83900 0.49
84000 0.48
84100 0.45
84200 0.43
84300 0.34
84400 0.33
84500 0.41
84600 0.38
84700 0.44
84800 0.43
84900 0.46
85000 0.47
85100 0.41
85200 0.45
85300 0.42
85400 0.42
85500 0.4
85600 0.5
85700 0.41
85800 0.42
85900 0.37
86000 0.43
86100 0.4
86200 0.43
86300 0.51
86400 0.47
86500 0.44
86600 0.3
86700 0.43
86800 0.37
86900 0.38
87000 0.53
87100 0.43
87200 0.43
87300 0.36
87400 0.33
87500 0.43
87600 0.39
87700 0.52
87800 0.49
87900 0.43
88000 0.38
88100 0.47
88200 0.46
88300 0.46
88400 0.38
88500 0.4
88600 0.4
88700 0.4
88800 0.4
88900 0.46
89000 0.34
89100 0.42
89200 0.42
89300 0.38
89400 0.43
89500 0.47
89600 0.47
89700 0.45
89800 0.41
89900 0.42
90000 0.41
90100 0.34
90200 0.34
90300 0.42
90400 0.46
90500 0.47
90600 0.41
90700 0.37
90800 0.39
90900 0.46
91000 0.42
91100 0.37
91200 0.41
91300 0.33
91400 0.48
91500 0.47
91600 0.33
91700 0.34
91800 0.37
91900 0.4
92000 0.37
92100 0.37
92200 0.43
92300 0.4
92400 0.48
92500 0.42
92600 0.34
92700 0.43
92800 0.43
92900 0.39
93000 0.44
93100 0.42
93200 0.42
93300 0.47
93400 0.42
93500 0.42
93600 0.46
93700 0.39
93800 0.32
93900 0.26
94000 0.35
94100 0.36
94200 0.35
94300 0.49
94400 0.45
94500 0.41
94600 0.39
94700 0.35
94800 0.35
94900 0.48
95000 0.45
95100 0.5
95200 0.48
95300 0.52
95400 0.49
95500 0.4
95600 0.38
95700 0.29
95800 0.43
95900 0.49
96000 0.39
96100 0.34
96200 0.44
96300 0.51
96400 0.53
96500 0.45
96600 0.37
96700 0.45
96800 0.43
96900 0.49
97000 0.42
97100 0.33
97200 0.41
97300 0.32
97400 0.44
97500 0.42
97600 0.44
97700 0.45
97800 0.38
97900 0.37
98000 0.35
98100 0.38
98200 0.41
98300 0.46
98400 0.43
98500 0.49
98600 0.37
98700 0.48
98800 0.4
98900 0.42
99000 0.46
99100 0.37
99200 0.36
99300 0.33
99400 0.43
99500 0.43
99600 0.48
99700 0.47
99800 0.42
99900 0.36
