0 0.44
100 0.37
200 0.46
300 0.5
400 0.4
500 0.41
600 0.41
700 0.41
800 0.34
900 0.35
1000 0.38
1100 0.4
1200 0.53
1300 0.36
1400 0.4
1500 0.44
1600 0.45
1700 0.47
1800 0.47
1900 0.45
2000 0.47
2100 0.49
2200 0.43
2300 0.49
2400 0.35
2500 0.41
2600 0.42
2700 0.55
2800 0.54
2900 0.44
3000 0.48
3100 0.49
3200 0.29
3300 0.47
3400 0.44
3500 0.43
3600 0.45
3700 0.46
3800 0.42
3900 0.4
4000 0.43
4100 0.45
4200 0.45
4300 0.47
4400 0.43
4500 0.44
4600 0.45
4700 0.47
4800 0.38
4900 0.46
5000 0.41
5100 0.42
5200 0.35
5300 0.44
5400 0.45
5500 0.47
5600 0.45
5700 0.39
5800 0.42
5900 0.42
6000 0.45
6100 0.42
6200 0.54
6300 0.47
6400 0.5
6500 0.37
6600 0.42
6700 0.44
6800 0.44
6900 0.54
7000 0.36
7100 0.41
7200 0.48
7300 0.51
7400 0.49
7500 0.34
7600 0.38
7700 0.36
7800 0.5
7900 0.46
8000 0.5
8100 0.44
8200 0.52
8300 0.44
8400 0.5
8500 0.52
8600 0.51
8700 0.42
8800 0.39
8900 0.52
9000 0.45
9100 0.53
9200 0.38
9300 0.44
9400 0.44
9500 0.46
9600 0.45
9700 0.42
9800 0.42
9900 0.42
10000 0.53
10100 0.46
10200 0.5
10300 0.56
10400 0.34
10500 0.4
10600 0.45
10700 0.44
10800 0.42
10900 0.49
11000 0.4
11100 0.57
11200 0.48
11300 0.49
11400 0.4
11500 0.5
11600 0.53
11700 0.51
11800 0.47
11900 0.4
12000 0.48
12100 0.45
12200 0.53
12300 0.37
12400 0.36
12500 0.46
12600 0.39
12700 0.41
12800 0.43
12900 0.43
13000 0.39
13100 0.43
13200 0.41
13300 0.49
13400 0.31
13500 0.4
13600 0.37
13700 0.54
13800 0.43
13900 0.4
14000 0.35
14100 0.41
14200 0.5
14300 0.44
14400 0.4
14500 0.46
14600 0.52
14700 0.57
14800 0.61
14900 0.5
15000 0.38
15100 0.46
15200 0.39
15300 0.43
15400 0.54
15500 0.57
15600 0.45
15700 0.47
15800 0.48
15900 0.48
16000 0.57
16100 0.37
16200 0.45
16300 0.41
16400 0.5
16500 0.46
16600 0.45
16700 0.49
16800 0.42
16900 0.48
17000 0.41
17100 0.49
17200 0.5
17300 0.44
17400 0.42
17500 0.39
17600 0.41
17700 0.43
17800 0.53
17900 0.47
18000 0.36
18100 0.5
18200 0.45
18300 0.45
18400 0.48
18500 0.4
18600 0.45
18700 0.46
18800 0.44
18900 0.47
19000 0.49
19100 0.41
19200 0.41
19300 0.43
19400 0.39
19500 0.44
19600 0.44
19700 0.4
19800 0.39
19900 0.51
20000 0.46
20100 0.46
20200 0.56
20300 0.32
20400 0.4
20500 0.44
20600 0.4
20700 0.41
20800 0.45
20900 0.43
21000 0.49
21100 0.41
21200 0.5
21300 0.45
21400 0.46
21500 0.41
21600 0.33
21700 0.4
21800 0.46
21900 0.44
22000 0.57
22100 0.45
22200 0.46
22300 0.44
22400 0.48
22500 0.55
22600 0.55
22700 0.48
22800 0.44
22900 0.35
23000 0.47
23100 0.37
23200 0.39
23300 0.54
23400 0.47
23500 0.41
23600 0.41
23700 0.49
23800 0.51
23900 0.48
24000 0.44
24100 0.45
24200 0.4
24300 0.49
24400 0.53
24500 0.47
24600 0.44
24700 0.46
24800 0.44
24900 0.39
25000 0.46
25100 0.3
25200 0.46
25300 0.57
25400 0.47
25500 0.45
25600 0.46
25700 0.44
25800 0.44
25900 0.49
26000 0.49
26100 0.38
26200 0.41
26300 0.36
26400 0.43
26500 0.52
26600 0.43
26700 0.42
26800 0.4
26900 0.43
27000 0.53
27100 0.47
27200 0.48
27300 0.43
27400 0.52
27500 0.62
27600 0.43
27700 0.47
27800 0.42
27900 0.37
28000 0.64
28100 0.49
28200 0.46
28300 0.41
28400 0.41
28500 0.46
28600 0.37
28700 0.56
28800 0.4
28900 0.46
29000 0.49
29100 0.46
29200 0.48
29300 0.4
29400 0.47
29500 0.45
29600 0.43
29700 0.55
29800 0.35
29900 0.43
30000 0.5
30100 0.41
30200 0.38
30300 0.47
30400 0.45
30500 0.5
30600 0.47
30700 0.51
30800 0.53
30900 0.53
31000 0.47
31100 0.48
31200 0.44
31300 0.44
31400 0.4
31500 0.43
31600 0.48
31700 0.45
31800 0.46
31900 0.39
32000 0.44
32100 0.48
32200 0.5
32300 0.55
32400 0.46
32500 0.42
32600 0.45
32700 0.37
32800 0.49
32900 0.4
33000 0.49
33100 0.39
33200 0.46
33300 0.35
33400 0.39
33500 0.46
33600 0.4
33700 0.45
33800 0.48
33900 0.44
34000 0.51
34100 0.51
34200 0.46
34300 0.39
34400 0.36
34500 0.35
34600 0.47
34700 0.42
34800 0.48
34900 0.43
35000 0.37
35100 0.45
35200 0.44
35300 0.49
35400 0.43
35500 0.38
35600 0.52
35700 0.42
35800 0.43
35900 0.53
36000 0.51
36100 0.45
36200 0.45
36300 0.39
36400 0.46
36500 0.55
36600 0.39
36700 0.49
36800 0.46
36900 0.53
37000 0.51
37100 0.5
37200 0.51
37300 0.41
37400 0.45
37500 0.51
37600 0.39
37700 0.34
37800 0.47
37900 0.47
38000 0.55
38100 0.6
38200 0.41
38300 0.43
38400 0.49
38500 0.39
38600 0.51
38700 0.37
38800 0.43
38900 0.4
39000 0.43
39100 0.47
39200 0.58
39300 0.46
39400 0.28
39500 0.49
39600 0.5
39700 0.47
39800 0.46
39900 0.38
40000 0.52
40100 0.49
40200 0.5
40300 0.44
40400 0.42
40500 0.57
40600 0.5
40700 0.52
40800 0.44
40900 0.44
41000 0.4
41100 0.54
41200 0.53
41300 0.51
41400 0.4
41500 0.39
41600 0.44
41700 0.52
41800 0.55
41900 0.46
42000 0.46
42100 0.38
42200 0.43
42300 0.39
42400 0.42
42500 0.38
42600 0.43
42700 0.37
42800 0.47
42900 0.42
43000 0.47
43100 0.44
43200 0.47
43300 0.48
43400 0.49
43500 0.47
43600 0.42
43700 0.36
43800 0.46
43900 0.61
44000 0.41
44100 0.5
44200 0.41
44300 0.44
44400 0.47
44500 0.4
44600 0.39
44700 0.47
44800 0.42
44900 0.51
45000 0.57
45100 0.31
45200 0.42
45300 0.47
45400 0.42
45500 0.51
45600 0.46
45700 0.37
45800 0.52
45900 0.55
46000 0.43
46100 0.48
46200 0.5
46300 0.43
46400 0.42
46500 0.36
46600 0.45
46700 0.41
46800 0.38
46900 0.45
47000 0.42
47100 0.43
47200 0.51
47300 0.38
47400 0.5
47500 0.41
47600 0.48
47700 0.54
47800 0.47
47900 0.42
48000 0.42
48100 0.43
48200 0.45
48300 0.52
48400 0.48
48500 0.56
48600 0.48
48700 0.4
48800 0.53
48900 0.47
49000 0.41
49100 0.42
49200 0.44
49300 0.49
49400 0.41
49500 0.47
49600 0.44
49700 0.31
49800 0.45
49900 0.52
50000 0.44
50100 0.45
50200 0.55
50300 0.45
50400 0.46
50500 0.38
50600 0.48
50700 0.5
50800 0.33
50900 0.54
51000 0.37
51100 0.39
51200 0.51
51300 0.37
51400 0.39
51500 0.46
51600 0.52
51700 0.43
51800 0.51
51900 0.45
52000 0.47
52100 0.38
52200 0.39
52300 0.54
52400 0.42
52500 0.39
52600 0.46
52700 0.45
52800 0.46
52900 0.41
53000 0.44
53100 0.46
53200 0.46
53300 0.42
53400 0.45
53500 0.49
53600 0.4
53700 0.43
53800 0.42
53900 0.48
54000 0.44
54100 0.53
54200 0.4
54300 0.42
54400 0.55
54500 0.49
54600 0.47
54700 0.5
54800 0.43
54900 0.38
55000 0.31
55100 0.49
55200 0.37
55300 0.49
55400 0.54
55500 0.46
55600 0.34
55700 0.52
55800 0.39
55900 0.47
56000 0.49
56100 0.37
56200 0.41
56300 0.43
56400 0.47
56500 0.57
56600 0.43
56700 0.37
56800 0.43
56900 0.57
57000 0.53
57100 0.44
57200 0.49
57300 0.44
57400 0.49
57500 0.46
57600 0.45
57700 0.42
57800 0.33
57900 0.44
58000 0.46
58100 0.52
58200 0.43
58300 0.4
58400 0.41
58500 0.52
58600 0.52
58700 0.46
58800 0.39
58900 0.46
59000 0.48
59100 0.57
59200 0.44
59300 0.44
59400 0.49
59500 0.48
59600 0.54
59700 0.45
59800 0.36
59900 0.45
60000 0.53
60100 0.58
60200 0.44
60300 0.42
60400 0.31
60500 0.41
60600 0.56
60700 0.51
60800 0.52
60900 0.48
61000 0.42
61100 0.42
61200 0.54
61300 0.48
61400 0.47
61500 0.41
61600 0.42
61700 0.45
61800 0.51
61900 0.45
62000 0.48
62100 0.36
62200 0.42
62300 0.59
62400 0.5
62500 0.46
62600 0.43
62700 0.35
62800 0.53
62900 0.5
63000 0.51
63100 0.38
63200 0.32
63300 0.45
63400 0.4
63500 0.51
63600 0.42
63700 0.48
63800 0.4
63900 0.46
64000 0.43
64100 0.53
64200 0.46
64300 0.37
64400 0.48
64500 0.4
64600 0.51
64700 0.5
64800 0.46
64900 0.47
65000 0.52
65100 0.43
65200 0.55
65300 0.42
65400 0.44
65500 0.37
65600 0.39
65700 0.49
65800 0.36
65900 0.42
66000 0.47
66100 0.38
66200 0.46
66300 0.44
66400 0.52
66500 0.43
66600 0.58
66700 0.47
66800 0.5
66900 0.42
67000 0.41
67100 0.43
67200 0.42
67300 0.35
67400 0.43
67500 0.59
67600 0.42
67700 0.51
67800 0.42
67900 0.4
68000 0.38
68100 0.47
68200 0.51
68300 0.43
68400 0.35
68500 0.44
68600 0.52
68700 0.5
68800 0.45
68900 0.4
69000 0.46
69100 0.42
69200 0.59
69300 0.44
69400 0.53
69500 0.45
69600 0.45
69700 0.43
69800 0.51
69900 0.42
70000 0.34
70100 0.45
70200 0.44
70300 0.51
70400 0.44
70500 0.4
70600 0.54
70700 0.47
70800 0.44
70900 0.58
71000 0.42
71100 0.35
71200 0.42
71300 0.38
71400 0.51
71500 0.54
71600 0.45
71700 0.4
71800 0.42
71900 0.49
72000 0.53
72100 0.46
72200 0.4
72300 0.51
72400 0.48
72500 0.47
72600 0.53
72700 0.41
72800 0.37
72900 0.4
73000 0.46
73100 0.52
73200 0.52
73300 0.38
73400 0.47
73500 0.52
73600 0.49
73700 0.45
73800 0.41
73900 0.32
74000 0.38
74100 0.39
74200 0.5
74300 0.53
74400 0.4
74500 0.43
74600 0.53
74700 0.44
74800 0.46
74900 0.43
75000 0.49
75100 0.47
75200 0.43
75300 0.43
75400 0.38
75500 0.45
75600 0.45
75700 0.51
75800 0.5
75900 0.33
76000 0.46
76100 0.4
76200 0.52
76300 0.4
76400 0.39
76500 0.47
76600 0.38
76700 0.45
76800 0.54
76900 0.44
77000 0.32
77100 0.49
77200 0.41
77300 0.5
77400 0.43
77500 0.39
77600 0.44
77700 0.38
77800 0.45
77900 0.39
78000 0.48
78100 0.43
78200 0.37
78300 0.41
78400 0.38
78500 0.5
78600 0.54
78700 0.46
78800 0.39
78900 0.47
79000 0.47
79100 0.41
79200 0.46
79300 0.42
79400 0.45
79500 0.35
79600 0.43
79700 0.4
79800 0.33
79900 0.37
80000 0.44
80100 0.48
80200 0.44
80300 0.36
80400 0.55
80500 0.36
80600 0.42
80700 0.5
80800 0.45
80900 0.49
81000 0.41
81100 0.48
81200 0.4
81300 0.43
81400 0.52
81500 0.35
81600 0.4
81700 0.52
81800 0.39
81900 0.43
82000 0.39
82100 0.49
82200 0.47
82300 0.47
82400 0.53
82500 0.52
82600 0.44
82700 0.44
82800 0.55
82900 0.54
83000 0.39
83100 0.42
83200 0.39
83300 0.48
83400 0.46
83500 0.47
83600 0.48
83700 0.43
83800 0.52
83900 0.46
84000 0.4
84100 0.55
84200 0.48
84300 0.52
84400 0.4
84500 0.31
84600 0.44
84700 0.51
84800 0.48
84900 0.43
85000 0.4
85100 0.44
85200 0.49
85300 0.44
85400 0.55
85500 0.51
85600 0.43
85700 0.5
85800 0.47
85900 0.46
86000 0.42
86100 0.43
86200 0.49
86300 0.41
86400 0.55
86500 0.45
86600 0.45
86700 0.43
86800 0.47
86900 0.44
87000 0.35
87100 0.35
87200 0.46
87300 0.49
87400 0.42
87500 0.32
87600 0.49
87700 0.5
87800 0.4
87900 0.44
88000 0.45
88100 0.46
88200 0.35
88300 0.4
88400 0.44
88500 0.49
88600 0.49
88700 0.5
88800 0.49
88900 0.51
89000 0.54
89100 0.37
89200 0.53
89300 0.42
89400 0.47
89500 0.44
89600 0.44
89700 0.46
89800 0.48
89900 0.57
90000 0.51
90100 0.49
90200 0.38
90300 0.43
90400 0.42
90500 0.44
90600 0.42
90700 0.34
90800 0.41
90900 0.36
91000 0.46
91100 0.49
91200 0.42
91300 0.35
91400 0.41
91500 0.36
91600 0.46
91700 0.47
91800 0.53
91900 0.45
92000 0.44
92100 0.43
92200 0.57
92300 0.48
92400 0.43
92500 0.41
92600 0.39
92700 0.44
92800 0.46
92900 0.55
93000 0.39
93100 0.42
93200 0.49
93300 0.44
93400 0.5
93500 0.35
93600 0.43
93700 0.4
93800 0.44
93900 0.49
94000 0.43
94100 0.47
94200 0.44
94300 0.45
94400 0.47
94500 0.49
94600 0.39
94700 0.4
94800 0.54
94900 0.48
95000 0.46
95100 0.44
95200 0.42
95300 0.35
95400 0.58
95500 0.5
95600 0.41
95700 0.41
95800 0.37
95900 0.45
96000 0.51
96100 0.35
96200 0.47
96300 0.4
96400 0.41
96500 0.44
96600 0.43
96700 0.33
96800 0.44
96900 0.4
97000 0.52
97100 0.46
97200 0.38
97300 0.3
97400 0.36
97500 0.5
97600 0.55
97700 0.51
97800 0.51
97900 0.58
98000 0.54
98100 0.55
98200 0.43
98300 0.34
98400 0.41
98500 0.59
98600 0.45
98700 0.28
98800 0.39
98900 0.47
99000 0.53
99100 0.5
99200 0.45
99300 0.49
99400 0.34
99500 0.48
99600 0.5
99700 0.42
99800 0.43
99900 0.42