Whiteの勝利数: 39
Blackの勝利数: 57
Whiteの勝利数: 78
Blackの勝利数: 109
Whiteの勝利数: 121
Blackの勝利数: 159
Whiteの勝利数: 173
Blackの勝利数: 200
Whiteの勝利数: 216
Blackの勝利数: 250
Whiteの勝利数: 261
Blackの勝利数: 302
Whiteの勝利数: 310
Blackの勝利数: 349
Whiteの勝利数: 359
Blackの勝利数: 392
Whiteの勝利数: 410
Blackの勝利数: 436
Whiteの勝利数: 461
Blackの勝利数: 485
Whiteの勝利数: 503
Blackの勝利数: 538
Whiteの勝利数: 548
Blackの勝利数: 588
Whiteの勝利数: 593
Blackの勝利数: 639
Whiteの勝利数: 637
Blackの勝利数: 690
Whiteの勝利数: 677
Blackの勝利数: 745
Whiteの勝利数: 725
Blackの勝利数: 791
Whiteの勝利数: 764
Blackの勝利数: 843
Whiteの勝利数: 807
Blackの勝利数: 894
Whiteの勝利数: 855
Blackの勝利数: 942
Whiteの勝利数: 899
Blackの勝利数: 994
Whiteの勝利数: 940
Blackの勝利数: 1049
Whiteの勝利数: 979
Blackの勝利数: 1102
Whiteの勝利数: 1012
Blackの勝利数: 1164
Whiteの勝利数: 1055
Blackの勝利数: 1218
Whiteの勝利数: 1088
Blackの勝利数: 1279
Whiteの勝利数: 1132
Blackの勝利数: 1328
Whiteの勝利数: 1179
Blackの勝利数: 1377
Whiteの勝利数: 1220
Blackの勝利数: 1431
Whiteの勝利数: 1272
Blackの勝利数: 1475
Whiteの勝利数: 1328
Blackの勝利数: 1516
Whiteの勝利数: 1384
Blackの勝利数: 1554
Whiteの勝利数: 1426
Blackの勝利数: 1610
Whiteの勝利数: 1474
Blackの勝利数: 1658
Whiteの勝利数: 1511
Blackの勝利数: 1717
Whiteの勝利数: 1556
Blackの勝利数: 1771
Whiteの勝利数: 1600
Blackの勝利数: 1823
Whiteの勝利数: 1640
Blackの勝利数: 1877
Whiteの勝利数: 1678
Blackの勝利数: 1929
Whiteの勝利数: 1720
Blackの勝利数: 1982
Whiteの勝利数: 1762
Blackの勝利数: 2032
Whiteの勝利数: 1810
Blackの勝利数: 2078
Whiteの勝利数: 1853
Blackの勝利数: 2132
Whiteの勝利数: 1898
Blackの勝利数: 2183
Whiteの勝利数: 1952
Blackの勝利数: 2223
Whiteの勝利数: 2002
Blackの勝利数: 2267
Whiteの勝利数: 2049
Blackの勝利数: 2316
Whiteの勝利数: 2084
Blackの勝利数: 2374
Whiteの勝利数: 2129
Blackの勝利数: 2421
Whiteの勝利数: 2178
Blackの勝利数: 2468
Whiteの勝利数: 2222
Blackの勝利数: 2514
Whiteの勝利数: 2267
Blackの勝利数: 2565
Whiteの勝利数: 2309
Blackの勝利数: 2618
Whiteの勝利数: 2351
Blackの勝利数: 2669
Whiteの勝利数: 2394
Blackの勝利数: 2721
Whiteの勝利数: 2443
Blackの勝利数: 2766
Whiteの勝利数: 2486
Blackの勝利数: 2822
Whiteの勝利数: 2527
Blackの勝利数: 2874
Whiteの勝利数: 2566
Blackの勝利数: 2932
Whiteの勝利数: 2605
Blackの勝利数: 2988
Whiteの勝利数: 2646
Blackの勝利数: 3045
Whiteの勝利数: 2688
Blackの勝利数: 3100
Whiteの勝利数: 2729
Blackの勝利数: 3152
Whiteの勝利数: 2771
Blackの勝利数: 3203
Whiteの勝利数: 2820
Blackの勝利数: 3247
Whiteの勝利数: 2869
Blackの勝利数: 3297
Whiteの勝利数: 2917
Blackの勝利数: 3347
Whiteの勝利数: 2965
Blackの勝利数: 3396
Whiteの勝利数: 3009
Blackの勝利数: 3450
Whiteの勝利数: 3060
Blackの勝利数: 3495
Whiteの勝利数: 3098
Blackの勝利数: 3551
Whiteの勝利数: 3143
Blackの勝利数: 3600
Whiteの勝利数: 3181
Blackの勝利数: 3655
Whiteの勝利数: 3226
Blackの勝利数: 3703
Whiteの勝利数: 3264
Blackの勝利数: 3761
Whiteの勝利数: 3303
Blackの勝利数: 3815
Whiteの勝利数: 3341
Blackの勝利数: 3875
Whiteの勝利数: 3392
Blackの勝利数: 3922
Whiteの勝利数: 3441
Blackの勝利数: 3969
Whiteの勝利数: 3488
Blackの勝利数: 4013
Whiteの勝利数: 3527
Blackの勝利数: 4071
Whiteの勝利数: 3568
Blackの勝利数: 4123
Whiteの勝利数: 3610
Blackの勝利数: 4176
Whiteの勝利数: 3654
Blackの勝利数: 4228
Whiteの勝利数: 3689
Blackの勝利数: 4288
Whiteの勝利数: 3725
Blackの勝利数: 4344
Whiteの勝利数: 3765
Blackの勝利数: 4401
Whiteの勝利数: 3815
Blackの勝利数: 4443
Whiteの勝利数: 3858
Blackの勝利数: 4494
Whiteの勝利数: 3902
Blackの勝利数: 4545
Whiteの勝利数: 3941
Blackの勝利数: 4599
Whiteの勝利数: 3980
Blackの勝利数: 4654
Whiteの勝利数: 4025
Blackの勝利数: 4704
Whiteの勝利数: 4071
Blackの勝利数: 4755
Whiteの勝利数: 4115
Blackの勝利数: 4810
Whiteの勝利数: 4158
Blackの勝利数: 4865
Whiteの勝利数: 4201
Blackの勝利数: 4915
Whiteの勝利数: 4243
Blackの勝利数: 4965
Whiteの勝利数: 4281
Blackの勝利数: 5022
Whiteの勝利数: 4335
Blackの勝利数: 5063
Whiteの勝利数: 4373
Blackの勝利数: 5120
Whiteの勝利数: 4412
Blackの勝利数: 5178
Whiteの勝利数: 4458
Blackの勝利数: 5226
Whiteの勝利数: 4505
Blackの勝利数: 5275
Whiteの勝利数: 4553
Blackの勝利数: 5325
Whiteの勝利数: 4592
Blackの勝利数: 5382
Whiteの勝利数: 4628
Blackの勝利数: 5439
Whiteの勝利数: 4667
Blackの勝利数: 5497
Whiteの勝利数: 4715
Blackの勝利数: 5547
Whiteの勝利数: 4766
Blackの勝利数: 5593
Whiteの勝利数: 4810
Blackの勝利数: 5642
Whiteの勝利数: 4849
Blackの勝利数: 5699
Whiteの勝利数: 4897
Blackの勝利数: 5746
Whiteの勝利数: 4949
Blackの勝利数: 5787
Whiteの勝利数: 4984
Blackの勝利数: 5849
Whiteの勝利数: 5031
Blackの勝利数: 5900
Whiteの勝利数: 5073
Blackの勝利数: 5953
Whiteの勝利数: 5120
Blackの勝利数: 5998
Whiteの勝利数: 5167
Blackの勝利数: 6049
Whiteの勝利数: 5215
Blackの勝利数: 6099
Whiteの勝利数: 5265
Blackの勝利数: 6145
Whiteの勝利数: 5312
Blackの勝利数: 6192
Whiteの勝利数: 5359
Blackの勝利数: 6236
Whiteの勝利数: 5396
Blackの勝利数: 6293
Whiteの勝利数: 5440
Blackの勝利数: 6345
Whiteの勝利数: 5481
Blackの勝利数: 6401
Whiteの勝利数: 5524
Blackの勝利数: 6453
Whiteの勝利数: 5567
Blackの勝利数: 6505
Whiteの勝利数: 5612
Blackの勝利数: 6557
Whiteの勝利数: 5660
Blackの勝利数: 6606
Whiteの勝利数: 5707
Blackの勝利数: 6655
Whiteの勝利数: 5753
Blackの勝利数: 6706
Whiteの勝利数: 5801
Blackの勝利数: 6754
Whiteの勝利数: 5852
Blackの勝利数: 6797
Whiteの勝利数: 5890
Blackの勝利数: 6854
Whiteの勝利数: 5936
Blackの勝利数: 6903
Whiteの勝利数: 5984
Blackの勝利数: 6951
Whiteの勝利数: 6025
Blackの勝利数: 7005
Whiteの勝利数: 6071
Blackの勝利数: 7053
Whiteの勝利数: 6112
Blackの勝利数: 7106
Whiteの勝利数: 6146
Blackの勝利数: 7168
Whiteの勝利数: 6196
Blackの勝利数: 7215
Whiteの勝利数: 6241
Blackの勝利数: 7265
Whiteの勝利数: 6294
Blackの勝利数: 7311
Whiteの勝利数: 6337
Blackの勝利数: 7361
Whiteの勝利数: 6376
Blackの勝利数: 7417
Whiteの勝利数: 6412
Blackの勝利数: 7474
Whiteの勝利数: 6451
Blackの勝利数: 7529
Whiteの勝利数: 6498
Blackの勝利数: 7578
Whiteの勝利数: 6540
Blackの勝利数: 7634
Whiteの勝利数: 6580
Blackの勝利数: 7693
Whiteの勝利数: 6619
Blackの勝利数: 7751
Whiteの勝利数: 6665
Blackの勝利数: 7801
Whiteの勝利数: 6712
Blackの勝利数: 7850
Whiteの勝利数: 6762
Blackの勝利数: 7895
Whiteの勝利数: 6810
Blackの勝利数: 7944
Whiteの勝利数: 6853
Blackの勝利数: 7995
Whiteの勝利数: 6896
Blackの勝利数: 8047
Whiteの勝利数: 6941
Blackの勝利数: 8100
Whiteの勝利数: 7001
Blackの勝利数: 8136
Whiteの勝利数: 7044
Blackの勝利数: 8189
Whiteの勝利数: 7091
Blackの勝利数: 8236
Whiteの勝利数: 7134
Blackの勝利数: 8287
Whiteの勝利数: 7182
Blackの勝利数: 8336
Whiteの勝利数: 7224
Blackの勝利数: 8388
Whiteの勝利数: 7270
Blackの勝利数: 8436
Whiteの勝利数: 7310
Blackの勝利数: 8492
Whiteの勝利数: 7357
Blackの勝利数: 8539
Whiteの勝利数: 7393
Blackの勝利数: 8593
Whiteの勝利数: 7445
Blackの勝利数: 8634
Whiteの勝利数: 7485
Blackの勝利数: 8690
Whiteの勝利数: 7521
Blackの勝利数: 8749
Whiteの勝利数: 7573
Blackの勝利数: 8793
Whiteの勝利数: 7619
Blackの勝利数: 8841
Whiteの勝利数: 7660
Blackの勝利数: 8898
Whiteの勝利数: 7701
Blackの勝利数: 8952
Whiteの勝利数: 7742
Blackの勝利数: 9004
Whiteの勝利数: 7784
Blackの勝利数: 9060
Whiteの勝利数: 7830
Blackの勝利数: 9111
Whiteの勝利数: 7875
Blackの勝利数: 9164
Whiteの勝利数: 7917
Blackの勝利数: 9218
Whiteの勝利数: 7951
Blackの勝利数: 9278
Whiteの勝利数: 7990
Blackの勝利数: 9336
Whiteの勝利数: 8037
Blackの勝利数: 9381
Whiteの勝利数: 8086
Blackの勝利数: 9431
Whiteの勝利数: 8142
Blackの勝利数: 9473
Whiteの勝利数: 8187
Blackの勝利数: 9527
Whiteの勝利数: 8230
Blackの勝利数: 9579
Whiteの勝利数: 8272
Blackの勝利数: 9634
Whiteの勝利数: 8310
Blackの勝利数: 9691
Whiteの勝利数: 8365
Blackの勝利数: 9732
Whiteの勝利数: 8413
Blackの勝利数: 9779
Whiteの勝利数: 8458
Blackの勝利数: 9828
Whiteの勝利数: 8507
Blackの勝利数: 9874
Whiteの勝利数: 8554
Blackの勝利数: 9920
Whiteの勝利数: 8605
Blackの勝利数: 9961
Whiteの勝利数: 8651
Blackの勝利数: 10008
Whiteの勝利数: 8697
Blackの勝利数: 10056
Whiteの勝利数: 8736
Blackの勝利数: 10113
Whiteの勝利数: 8785
Blackの勝利数: 10162
Whiteの勝利数: 8835
Blackの勝利数: 10208
Whiteの勝利数: 8875
Blackの勝利数: 10263
Whiteの勝利数: 8924
Blackの勝利数: 10311
Whiteの勝利数: 8971
Blackの勝利数: 10362
Whiteの勝利数: 9021
Blackの勝利数: 10408
Whiteの勝利数: 9064
Blackの勝利数: 10461
Whiteの勝利数: 9117
Blackの勝利数: 10503
Whiteの勝利数: 9161
Blackの勝利数: 10555
Whiteの勝利数: 9208
Blackの勝利数: 10605
Whiteの勝利数: 9259
Blackの勝利数: 10646
Whiteの勝利数: 9309
Blackの勝利数: 10691
Whiteの勝利数: 9349
Blackの勝利数: 10749
Whiteの勝利数: 9386
Blackの勝利数: 10809
Whiteの勝利数: 9439
Blackの勝利数: 10854
Whiteの勝利数: 9484
Blackの勝利数: 10907
Whiteの勝利数: 9530
Blackの勝利数: 10957
Whiteの勝利数: 9580
Blackの勝利数: 11002
Whiteの勝利数: 9623
Blackの勝利数: 11057
Whiteの勝利数: 9667
Blackの勝利数: 11108
Whiteの勝利数: 9703
Blackの勝利数: 11167
Whiteの勝利数: 9745
Blackの勝利数: 11220
Whiteの勝利数: 9787
Blackの勝利数: 11272
Whiteの勝利数: 9831
Blackの勝利数: 11324
Whiteの勝利数: 9875
Blackの勝利数: 11372
Whiteの勝利数: 9914
Blackの勝利数: 11430
Whiteの勝利数: 9955
Blackの勝利数: 11483
Whiteの勝利数: 9994
Blackの勝利数: 11540
Whiteの勝利数: 10040
Blackの勝利数: 11586
Whiteの勝利数: 10083
Blackの勝利数: 11641
Whiteの勝利数: 10124
Blackの勝利数: 11690
Whiteの勝利数: 10169
Blackの勝利数: 11740
Whiteの勝利数: 10210
Blackの勝利数: 11792
Whiteの勝利数: 10250
Blackの勝利数: 11850
Whiteの勝利数: 10295
Blackの勝利数: 11902
Whiteの勝利数: 10341
Blackの勝利数: 11952
Whiteの勝利数: 10383
Blackの勝利数: 12004
Whiteの勝利数: 10429
Blackの勝利数: 12057
Whiteの勝利数: 10476
Blackの勝利数: 12104
Whiteの勝利数: 10514
Blackの勝利数: 12161
Whiteの勝利数: 10560
Blackの勝利数: 12212
Whiteの勝利数: 10602
Blackの勝利数: 12264
Whiteの勝利数: 10650
Blackの勝利数: 12314
Whiteの勝利数: 10693
Blackの勝利数: 12363
Whiteの勝利数: 10731
Blackの勝利数: 12423
Whiteの勝利数: 10776
Blackの勝利数: 12472
Whiteの勝利数: 10820
Blackの勝利数: 12520
Whiteの勝利数: 10873
Blackの勝利数: 12564
Whiteの勝利数: 10912
Blackの勝利数: 12618
Whiteの勝利数: 10956
Blackの勝利数: 12671
Whiteの勝利数: 11009
Blackの勝利数: 12716
Whiteの勝利数: 11050
Blackの勝利数: 12771
Whiteの勝利数: 11095
Blackの勝利数: 12821
Whiteの勝利数: 11134
Blackの勝利数: 12875
Whiteの勝利数: 11173
Blackの勝利数: 12930
Whiteの勝利数: 11224
Blackの勝利数: 12974
Whiteの勝利数: 11270
Blackの勝利数: 13022
Whiteの勝利数: 11314
Blackの勝利数: 13075
Whiteの勝利数: 11367
Blackの勝利数: 13119
Whiteの勝利数: 11407
Blackの勝利数: 13172
Whiteの勝利数: 11438
Blackの勝利数: 13230
Whiteの勝利数: 11486
Blackの勝利数: 13277
Whiteの勝利数: 11525
Blackの勝利数: 13329
Whiteの勝利数: 11571
Blackの勝利数: 13377
Whiteの勝利数: 11608
Blackの勝利数: 13436
Whiteの勝利数: 11649
Blackの勝利数: 13488
Whiteの勝利数: 11698
Blackの勝利数: 13536
Whiteの勝利数: 11743
Blackの勝利数: 13585
Whiteの勝利数: 11794
Blackの勝利数: 13633
Whiteの勝利数: 11843
Blackの勝利数: 13675
Whiteの勝利数: 11889
Blackの勝利数: 13728
Whiteの勝利数: 11937
Blackの勝利数: 13778
Whiteの勝利数: 11978
Blackの勝利数: 13833
Whiteの勝利数: 12036
Blackの勝利数: 13872
Whiteの勝利数: 12078
Blackの勝利数: 13925
Whiteの勝利数: 12131
Blackの勝利数: 13965
Whiteの勝利数: 12184
Blackの勝利数: 14008
Whiteの勝利数: 12225
Blackの勝利数: 14061
Whiteの勝利数: 12272
Blackの勝利数: 14113
Whiteの勝利数: 12315
Blackの勝利数: 14164
Whiteの勝利数: 12357
Blackの勝利数: 14214
Whiteの勝利数: 12406
Blackの勝利数: 14264
Whiteの勝利数: 12456
Blackの勝利数: 14309
Whiteの勝利数: 12492
Blackの勝利数: 14368
Whiteの勝利数: 12544
Blackの勝利数: 14411
Whiteの勝利数: 12588
Blackの勝利数: 14463
Whiteの勝利数: 12642
Blackの勝利数: 14506
Whiteの勝利数: 12679
Blackの勝利数: 14565
Whiteの勝利数: 12724
Blackの勝利数: 14616
Whiteの勝利数: 12772
Blackの勝利数: 14664
Whiteの勝利数: 12810
Blackの勝利数: 14725
Whiteの勝利数: 12853
Blackの勝利数: 14781
Whiteの勝利数: 12896
Blackの勝利数: 14835
Whiteの勝利数: 12944
Blackの勝利数: 14883
Whiteの勝利数: 12990
Blackの勝利数: 14931
Whiteの勝利数: 13034
Blackの勝利数: 14983
Whiteの勝利数: 13076
Blackの勝利数: 15036
Whiteの勝利数: 13123
Blackの勝利数: 15082
Whiteの勝利数: 13166
Blackの勝利数: 15133
Whiteの勝利数: 13210
Blackの勝利数: 15184
Whiteの勝利数: 13254
Blackの勝利数: 15239
Whiteの勝利数: 13302
Blackの勝利数: 15288
Whiteの勝利数: 13350
Blackの勝利数: 15333
Whiteの勝利数: 13402
Blackの勝利数: 15375
Whiteの勝利数: 13449
Blackの勝利数: 15423
Whiteの勝利数: 13485
Blackの勝利数: 15485
Whiteの勝利数: 13539
Blackの勝利数: 15527
Whiteの勝利数: 13582
Blackの勝利数: 15578
Whiteの勝利数: 13627
Blackの勝利数: 15629
Whiteの勝利数: 13674
Blackの勝利数: 15676
Whiteの勝利数: 13721
Blackの勝利数: 15723
Whiteの勝利数: 13772
Blackの勝利数: 15767
Whiteの勝利数: 13824
Blackの勝利数: 15812
Whiteの勝利数: 13869
Blackの勝利数: 15862
Whiteの勝利数: 13911
Blackの勝利数: 15916
Whiteの勝利数: 13952
Blackの勝利数: 15971
Whiteの勝利数: 13994
Blackの勝利数: 16027
Whiteの勝利数: 14036
Blackの勝利数: 16080
Whiteの勝利数: 14081
Blackの勝利数: 16128
Whiteの勝利数: 14125
Blackの勝利数: 16181
Whiteの勝利数: 14184
Blackの勝利数: 16221
Whiteの勝利数: 14230
Blackの勝利数: 16271
Whiteの勝利数: 14281
Blackの勝利数: 16314
Whiteの勝利数: 14328
Blackの勝利数: 16359
Whiteの勝利数: 14374
Blackの勝利数: 16412
Whiteの勝利数: 14427
Blackの勝利数: 16452
Whiteの勝利数: 14467
Blackの勝利数: 16511
Whiteの勝利数: 14513
Blackの勝利数: 16560
Whiteの勝利数: 14565
Blackの勝利数: 16606
Whiteの勝利数: 14603
Blackの勝利数: 16664
Whiteの勝利数: 14645
Blackの勝利数: 16715
Whiteの勝利数: 14695
Blackの勝利数: 16762
Whiteの勝利数: 14743
Blackの勝利数: 16809
Whiteの勝利数: 14785
Blackの勝利数: 16858
Whiteの勝利数: 14830
Blackの勝利数: 16910
Whiteの勝利数: 14880
Blackの勝利数: 16954
Whiteの勝利数: 14930
Blackの勝利数: 17003
Whiteの勝利数: 14970
Blackの勝利数: 17056
Whiteの勝利数: 15014
Blackの勝利数: 17105
Whiteの勝利数: 15061
Blackの勝利数: 17154
Whiteの勝利数: 15105
Blackの勝利数: 17208
Whiteの勝利数: 15144
Blackの勝利数: 17264
Whiteの勝利数: 15191
Blackの勝利数: 17315
Whiteの勝利数: 15237
Blackの勝利数: 17368
Whiteの勝利数: 15280
Blackの勝利数: 17418
Whiteの勝利数: 15320
Blackの勝利数: 17475
Whiteの勝利数: 15366
Blackの勝利数: 17527
Whiteの勝利数: 15416
Blackの勝利数: 17575
Whiteの勝利数: 15470
Blackの勝利数: 17618
Whiteの勝利数: 15510
Blackの勝利数: 17673
Whiteの勝利数: 15550
Blackの勝利数: 17725
Whiteの勝利数: 15596
Blackの勝利数: 17775
Whiteの勝利数: 15641
Blackの勝利数: 17825
Whiteの勝利数: 15698
Blackの勝利数: 17865
Whiteの勝利数: 15749
Blackの勝利数: 17908
Whiteの勝利数: 15790
Blackの勝利数: 17966
Whiteの勝利数: 15841
Blackの勝利数: 18010
Whiteの勝利数: 15890
Blackの勝利数: 18058
Whiteの勝利数: 15934
Blackの勝利数: 18110
Whiteの勝利数: 15973
Blackの勝利数: 18166
Whiteの勝利数: 16030
Blackの勝利数: 18205
Whiteの勝利数: 16078
Blackの勝利数: 18252
Whiteの勝利数: 16132
Blackの勝利数: 18297
Whiteの勝利数: 16169
Blackの勝利数: 18357
Whiteの勝利数: 16214
Blackの勝利数: 18408
Whiteの勝利数: 16257
Blackの勝利数: 18461
Whiteの勝利数: 16299
Blackの勝利数: 18515
Whiteの勝利数: 16341
Blackの勝利数: 18568
Whiteの勝利数: 16386
Blackの勝利数: 18621
Whiteの勝利数: 16430
Blackの勝利数: 18673
Whiteの勝利数: 16471
Blackの勝利数: 18727
Whiteの勝利数: 16522
Blackの勝利数: 18773
Whiteの勝利数: 16568
Blackの勝利数: 18818
Whiteの勝利数: 16614
Blackの勝利数: 18868
Whiteの勝利数: 16655
Blackの勝利数: 18923
Whiteの勝利数: 16706
Blackの勝利数: 18968
Whiteの勝利数: 16743
Blackの勝利数: 19029
Whiteの勝利数: 16793
Blackの勝利数: 19075
Whiteの勝利数: 16833
Blackの勝利数: 19123
Whiteの勝利数: 16883
Blackの勝利数: 19171
Whiteの勝利数: 16926
Blackの勝利数: 19223
Whiteの勝利数: 16966
Blackの勝利数: 19280
Whiteの勝利数: 17013
Blackの勝利数: 19330
Whiteの勝利数: 17055
Blackの勝利数: 19384
Whiteの勝利数: 17097
Blackの勝利数: 19441
Whiteの勝利数: 17149
Blackの勝利数: 19485
Whiteの勝利数: 17200
Blackの勝利数: 19528
Whiteの勝利数: 17241
Blackの勝利数: 19581
Whiteの勝利数: 17291
Blackの勝利数: 19628
Whiteの勝利数: 17332
Blackの勝利数: 19683
Whiteの勝利数: 17378
Blackの勝利数: 19734
Whiteの勝利数: 17421
Blackの勝利数: 19785
Whiteの勝利数: 17461
Blackの勝利数: 19843
Whiteの勝利数: 17501
Blackの勝利数: 19898
Whiteの勝利数: 17543
Blackの勝利数: 19951
Whiteの勝利数: 17595
Blackの勝利数: 19996
Whiteの勝利数: 17640
Blackの勝利数: 20048
Whiteの勝利数: 17684
Blackの勝利数: 20098
Whiteの勝利数: 17725
Blackの勝利数: 20152
Whiteの勝利数: 17764
Blackの勝利数: 20210
Whiteの勝利数: 17813
Blackの勝利数: 20257
Whiteの勝利数: 17853
Blackの勝利数: 20310
Whiteの勝利数: 17895
Blackの勝利数: 20363
Whiteの勝利数: 17944
Blackの勝利数: 20409
Whiteの勝利数: 17985
Blackの勝利数: 20463
Whiteの勝利数: 18038
Blackの勝利数: 20503
Whiteの勝利数: 18086
Blackの勝利数: 20547
Whiteの勝利数: 18134
Blackの勝利数: 20592
Whiteの勝利数: 18185
Blackの勝利数: 20636
Whiteの勝利数: 18230
Blackの勝利数: 20686
Whiteの勝利数: 18275
Blackの勝利数: 20736
